#
# There is insufficient memory for the Java Runtime Environment to continue.
# Native memory allocation (malloc) failed to allocate 87488 bytes for Chunk::new
# Possible reasons:
#   The system is out of physical RAM or swap space
#   The process is running with CompressedOops enabled, and the Java Heap may be blocking the growth of the native heap
# Possible solutions:
#   Reduce memory load on the system
#   Increase physical memory or swap space
#   Check if swap backing store is full
#   Decrease Java heap size (-Xmx/-Xms)
#   Decrease number of Java threads
#   Decrease Java thread stack sizes (-Xss)
#   Set larger code cache with -XX:ReservedCodeCacheSize=
#   JVM is running with Unscaled Compressed Oops mode in which the Java heap is
#     placed in the first 4GB address space. The Java Heap base address is the
#     maximum limit for the native heap growth. Please use -XX:HeapBaseMinAddress
#     to set the Java Heap base and to place the Java Heap above 4GB virtual address.
# This output file may be truncated or incomplete.
#
#  Out of Memory Error (arena.cpp:189), pid=22896, tid=29540
#
# JRE version: OpenJDK Runtime Environment Temurin-17.0.7+7 (17.0.7+7) (build 17.0.7+7)
# Java VM: OpenJDK 64-Bit Server VM Temurin-17.0.7+7 (17.0.7+7, mixed mode, tiered, compressed oops, compressed class ptrs, parallel gc, windows-amd64)
# No core dump will be written. Minidumps are not enabled by default on client versions of Windows
#

---------------  S U M M A R Y ------------

Command Line: --add-modules=ALL-SYSTEM --add-opens=java.base/java.util=ALL-UNNAMED --add-opens=java.base/java.lang=ALL-UNNAMED --add-opens=java.base/sun.nio.fs=ALL-UNNAMED -Declipse.application=org.eclipse.jdt.ls.core.id1 -Dosgi.bundles.defaultStartLevel=4 -Declipse.product=org.eclipse.jdt.ls.core.product -Djava.import.generatesMetadataFilesAtProjectRoot=false -Dfile.encoding=utf8 -XX:+UseParallelGC -XX:GCTimeRatio=4 -XX:AdaptiveSizePolicyWeight=90 -Dsun.zip.disableMemoryMapping=true -Xmx1G -Xms100m -Xlog:disable -javaagent:c:\Users\nicol\.vscode-oss\extensions\redhat.java-1.21.0-win32-x64\lombok\lombok-1.18.28.jar c:\Users\nicol\.vscode-oss\extensions\redhat.java-1.21.0-win32-x64\server\plugins\org.eclipse.equinox.launcher_1.6.500.v20230717-2134.jar -configuration c:\Users\nicol\AppData\Roaming\VSCodium\User\globalStorage\redhat.java\1.21.0\config_ss_win -data c:\Users\nicol\AppData\Roaming\VSCodium\User\workspaceStorage\c5f7e5e40e98474a4542d66f255a5a0e\redhat.java\ss_ws

Host: AMD Ryzen 7 5825U with Radeon Graphics         , 16 cores, 15G,  Windows 11 , 64 bit Build 22621 (10.0.22621.2215)
Time: Thu Sep  7 08:29:26 2023 Eastern Daylight Time elapsed time: 7.338504 seconds (0d 0h 0m 7s)

---------------  T H R E A D  ---------------

Current thread (0x0000016c8113e260):  JavaThread "C2 CompilerThread4" daemon [_thread_in_native, id=29540, stack(0x00000024e5d00000,0x00000024e5e00000)]


Current CompileTask:
C2:   7338 4250 %     4       java.io.WinNTFileSystem::normalize @ 58 (224 bytes)

Stack: [0x00000024e5d00000,0x00000024e5e00000]
Native frames: (J=compiled Java code, j=interpreted, Vv=VM code, C=native code)
V  [jvm.dll+0x67754a]
V  [jvm.dll+0x834304]
V  [jvm.dll+0x835aae]
V  [jvm.dll+0x836113]
V  [jvm.dll+0x24696f]
V  [jvm.dll+0xac0ac]
V  [jvm.dll+0xac67c]
V  [jvm.dll+0x364e37]
V  [jvm.dll+0x1bc895]
V  [jvm.dll+0x219799]
V  [jvm.dll+0x218a61]
V  [jvm.dll+0x1a4d8d]
V  [jvm.dll+0x2284da]
V  [jvm.dll+0x226615]
V  [jvm.dll+0x7ea90b]
V  [jvm.dll+0x7e4e7a]
V  [jvm.dll+0x676395]
C  [ucrtbase.dll+0x29363]
C  [KERNEL32.DLL+0x1257d]
C  [ntdll.dll+0x5aa68]


---------------  P R O C E S S  ---------------

Threads class SMR info:
_java_thread_list=0x0000016c81d649c0, length=38, elements={
0x0000016ce3bfe260, 0x0000016cf7a75820, 0x0000016ce3cb5cc0, 0x0000016cfcdd9430,
0x0000016cfcdd9f50, 0x0000016cfcddd520, 0x0000016cfcddf8f0, 0x0000016cfcde4250,
0x0000016cfcde87f0, 0x0000016cfcdea030, 0x0000016ce3c60510, 0x0000016cfcf62000,
0x0000016cfed072f0, 0x0000016c800e6410, 0x0000016cfecd33e0, 0x0000016cfcf67a20,
0x0000016c803009c0, 0x0000016cff1f80a0, 0x0000016cff1c67d0, 0x0000016c80409710,
0x0000016c8025dc40, 0x0000016c8025ef80, 0x0000016cff4066f0, 0x0000016c80516030,
0x0000016c8025bf60, 0x0000016c807fb850, 0x0000016c8025b5c0, 0x0000016c8025c430,
0x0000016c8025c900, 0x0000016c8025cdd0, 0x0000016c809d5b80, 0x0000016c8113e260,
0x0000016c80f0b020, 0x0000016c81ec7310, 0x0000016cff3bf720, 0x0000016c8025e110,
0x0000016c8025d2a0, 0x0000016c8025e5e0
}

Java Threads: ( => current thread )
  0x0000016ce3bfe260 JavaThread "main" [_thread_blocked, id=16560, stack(0x00000024e2f00000,0x00000024e3000000)]
  0x0000016cf7a75820 JavaThread "Reference Handler" daemon [_thread_blocked, id=30148, stack(0x00000024e3200000,0x00000024e3300000)]
  0x0000016ce3cb5cc0 JavaThread "Finalizer" daemon [_thread_blocked, id=21328, stack(0x00000024e3300000,0x00000024e3400000)]
  0x0000016cfcdd9430 JavaThread "Signal Dispatcher" daemon [_thread_blocked, id=8828, stack(0x00000024e3400000,0x00000024e3500000)]
  0x0000016cfcdd9f50 JavaThread "Attach Listener" daemon [_thread_blocked, id=23788, stack(0x00000024e3500000,0x00000024e3600000)]
  0x0000016cfcddd520 JavaThread "Service Thread" daemon [_thread_blocked, id=24796, stack(0x00000024e3600000,0x00000024e3700000)]
  0x0000016cfcddf8f0 JavaThread "Monitor Deflation Thread" daemon [_thread_blocked, id=23796, stack(0x00000024e3700000,0x00000024e3800000)]
  0x0000016cfcde4250 JavaThread "C2 CompilerThread0" daemon [_thread_in_native, id=31096, stack(0x00000024e3800000,0x00000024e3900000)]
  0x0000016cfcde87f0 JavaThread "C1 CompilerThread0" daemon [_thread_blocked, id=27344, stack(0x00000024e3900000,0x00000024e3a00000)]
  0x0000016cfcdea030 JavaThread "Sweeper thread" daemon [_thread_blocked, id=27776, stack(0x00000024e3a00000,0x00000024e3b00000)]
  0x0000016ce3c60510 JavaThread "Common-Cleaner" daemon [_thread_blocked, id=25780, stack(0x00000024e3b00000,0x00000024e3c00000)]
  0x0000016cfcf62000 JavaThread "C1 CompilerThread1" daemon [_thread_blocked, id=27820, stack(0x00000024e3c00000,0x00000024e3d00000)]
  0x0000016cfed072f0 JavaThread "Notification Thread" daemon [_thread_blocked, id=23560, stack(0x00000024e4100000,0x00000024e4200000)]
  0x0000016c800e6410 JavaThread "Active Thread: Equinox Container: bbcbdd04-109a-465a-81b2-8209fa4331dc" [_thread_blocked, id=32296, stack(0x00000024e4900000,0x00000024e4a00000)]
  0x0000016cfecd33e0 JavaThread "C1 CompilerThread2" daemon [_thread_blocked, id=13424, stack(0x00000024e3d00000,0x00000024e3e00000)]
  0x0000016cfcf67a20 JavaThread "Framework Event Dispatcher: Equinox Container: bbcbdd04-109a-465a-81b2-8209fa4331dc" daemon [_thread_blocked, id=1784, stack(0x00000024e3e00000,0x00000024e3f00000)]
  0x0000016c803009c0 JavaThread "Start Level: Equinox Container: bbcbdd04-109a-465a-81b2-8209fa4331dc" daemon [_thread_blocked, id=1920, stack(0x00000024e3f00000,0x00000024e4000000)]
  0x0000016cff1f80a0 JavaThread "SCR Component Actor" daemon [_thread_blocked, id=29264, stack(0x00000024e4000000,0x00000024e4100000)]
  0x0000016cff1c67d0 JavaThread "SCR Component Registry" daemon [_thread_blocked, id=21268, stack(0x00000024e4b00000,0x00000024e4c00000)]
  0x0000016c80409710 JavaThread "Worker-JM" [_thread_blocked, id=18800, stack(0x00000024e4c00000,0x00000024e4d00000)]
  0x0000016c8025dc40 JavaThread "Worker-0" [_thread_blocked, id=7888, stack(0x00000024e5000000,0x00000024e5100000)]
  0x0000016c8025ef80 JavaThread "Worker-1" [_thread_blocked, id=21488, stack(0x00000024e5100000,0x00000024e5200000)]
  0x0000016cff4066f0 JavaThread "C2 CompilerThread1" daemon [_thread_blocked, id=13888, stack(0x00000024e5200000,0x00000024e5300000)]
  0x0000016c80516030 JavaThread "C2 CompilerThread2" daemon [_thread_blocked, id=7696, stack(0x00000024e5400000,0x00000024e5500000)]
  0x0000016c8025bf60 JavaThread "Worker-2" [_thread_blocked, id=12352, stack(0x00000024e5500000,0x00000024e5600000)]
  0x0000016c807fb850 JavaThread "C1 CompilerThread3" daemon [_thread_blocked, id=20008, stack(0x00000024e5700000,0x00000024e5800000)]
  0x0000016c8025b5c0 JavaThread "JNA Cleaner" daemon [_thread_blocked, id=24264, stack(0x00000024e5800000,0x00000024e5900000)]
  0x0000016c8025c430 JavaThread "pool-2-thread-1" [_thread_blocked, id=23212, stack(0x00000024e5900000,0x00000024e5a00000)]
  0x0000016c8025c900 JavaThread "WorkspaceEventsHandler" [_thread_blocked, id=18528, stack(0x00000024e5a00000,0x00000024e5b00000)]
  0x0000016c8025cdd0 JavaThread "pool-1-thread-1" [_thread_blocked, id=8148, stack(0x00000024e5b00000,0x00000024e5c00000)]
  0x0000016c809d5b80 JavaThread "C2 CompilerThread3" daemon [_thread_in_native, id=232, stack(0x00000024e5c00000,0x00000024e5d00000)]
=>0x0000016c8113e260 JavaThread "C2 CompilerThread4" daemon [_thread_in_native, id=29540, stack(0x00000024e5d00000,0x00000024e5e00000)]
  0x0000016c80f0b020 JavaThread "C2 CompilerThread5" daemon [_thread_blocked, id=26180, stack(0x00000024e5e00000,0x00000024e5f00000)]
  0x0000016c81ec7310 JavaThread "C2 CompilerThread6" daemon [_thread_blocked, id=17612, stack(0x00000024e5f00000,0x00000024e6000000)]
  0x0000016cff3bf720 JavaThread "C2 CompilerThread7" daemon [_thread_in_native, id=2020, stack(0x00000024e6000000,0x00000024e6100000)]
  0x0000016c8025e110 JavaThread "ForkJoinPool.commonPool-worker-1" daemon [_thread_in_vm, id=11500, stack(0x00000024e6100000,0x00000024e6200000)]
  0x0000016c8025d2a0 JavaThread "ForkJoinPool.commonPool-worker-2" daemon [_thread_blocked, id=21896, stack(0x00000024e6200000,0x00000024e6300000)]
  0x0000016c8025e5e0 JavaThread "ForkJoinPool.commonPool-worker-3" daemon [_thread_blocked, id=20044, stack(0x00000024e6300000,0x00000024e6400000)]

Other Threads:
  0x0000016cf7a71b40 VMThread "VM Thread" [stack: 0x00000024e3100000,0x00000024e3200000] [id=6532]
  0x0000016cfed077c0 WatcherThread [stack: 0x00000024e4200000,0x00000024e4300000] [id=15880]
  0x0000016ce3c13730 GCTaskThread "GC Thread#0" [stack: 0x00000024e3000000,0x00000024e3100000] [id=9320]
  0x0000016cff22baa0 GCTaskThread "GC Thread#1" [stack: 0x00000024e4400000,0x00000024e4500000] [id=11960]
  0x0000016cff22bd50 GCTaskThread "GC Thread#2" [stack: 0x00000024e4500000,0x00000024e4600000] [id=24860]
  0x0000016cff22c000 GCTaskThread "GC Thread#3" [stack: 0x00000024e4600000,0x00000024e4700000] [id=23780]
  0x0000016cff22c2b0 GCTaskThread "GC Thread#4" [stack: 0x00000024e4700000,0x00000024e4800000] [id=6996]
  0x0000016cff22c560 GCTaskThread "GC Thread#5" [stack: 0x00000024e4800000,0x00000024e4900000] [id=30380]
  0x0000016c8002fa10 GCTaskThread "GC Thread#6" [stack: 0x00000024e4300000,0x00000024e4400000] [id=28064]
  0x0000016c8002fcc0 GCTaskThread "GC Thread#7" [stack: 0x00000024e4a00000,0x00000024e4b00000] [id=28600]
  0x0000016c80574e50 GCTaskThread "GC Thread#8" [stack: 0x00000024e4d00000,0x00000024e4e00000] [id=16340]
  0x0000016c804e3f20 GCTaskThread "GC Thread#9" [stack: 0x00000024e4e00000,0x00000024e4f00000] [id=28620]
  0x0000016c804e41d0 GCTaskThread "GC Thread#10" [stack: 0x00000024e4f00000,0x00000024e5000000] [id=7976]
  0x0000016c805e67d0 GCTaskThread "GC Thread#11" [stack: 0x00000024e5300000,0x00000024e5400000] [id=3536]
  0x0000016c80f7c230 GCTaskThread "GC Thread#12" [stack: 0x00000024e5600000,0x00000024e5700000] [id=25712]

Threads with active compile tasks:
C2 CompilerThread0     7363 4257       4       java.net.URI::quote (214 bytes)
C2 CompilerThread3     7363 4254       4       java.io.WinNTFileSystem::normalize (143 bytes)
C2 CompilerThread4     7363 4250 %     4       java.io.WinNTFileSystem::normalize @ 58 (224 bytes)
C2 CompilerThread7     7363 4220   !   4       org.eclipse.osgi.internal.loader.classpath.ClasspathManager::findLocalClass (210 bytes)

VM state: not at safepoint (normal execution)

VM Mutex/Monitor currently owned by a thread: None

Heap address: 0x00000000c0000000, size: 1024 MB, Compressed Oops mode: 32-bit

CDS archive(s) not mapped
Compressed class space mapped at: 0x0000000100000000-0x0000000140000000, reserved size: 1073741824
Narrow klass base: 0x0000000000000000, Narrow klass shift: 3, Narrow klass range: 0x140000000

GC Precious Log:
 CPUs: 16 total, 16 available
 Memory: 15720M
 Large Page Support: Disabled
 NUMA Support: Disabled
 Compressed Oops: Enabled (32-bit)
 Alignments: Space 512K, Generation 512K, Heap 2M
 Heap Min Capacity: 100M
 Heap Initial Capacity: 100M
 Heap Max Capacity: 1G
 Pre-touch: Disabled
 Parallel Workers: 13

Heap:
 PSYoungGen      total 21504K, used 5742K [0x00000000eab00000, 0x00000000ec400000, 0x0000000100000000)
  eden space 20992K, 24% used [0x00000000eab00000,0x00000000eb01bbd8,0x00000000ebf80000)
  from space 512K, 100% used [0x00000000ec380000,0x00000000ec400000,0x00000000ec400000)
  to   space 1536K, 0% used [0x00000000ec100000,0x00000000ec100000,0x00000000ec280000)
 ParOldGen       total 68608K, used 24974K [0x00000000c0000000, 0x00000000c4300000, 0x00000000eab00000)
  object space 68608K, 36% used [0x00000000c0000000,0x00000000c1863a80,0x00000000c4300000)
 Metaspace       used 40483K, committed 41216K, reserved 1114112K
  class space    used 4182K, committed 4480K, reserved 1048576K

Card table byte_map: [0x0000016ce35a0000,0x0000016ce37b0000] _byte_map_base: 0x0000016ce2fa0000

Marking Bits: (ParMarkBitMap*) 0x00007ffb8b3c52c0
 Begin Bits: [0x0000016cf5880000, 0x0000016cf6880000)
 End Bits:   [0x0000016cf6880000, 0x0000016cf7880000)

Polling page: 0x0000016ce1bd0000

Metaspace:

Usage:
  Non-class:     35.45 MB used.
      Class:      4.08 MB used.
       Both:     39.53 MB used.

Virtual space:
  Non-class space:       64.00 MB reserved,      35.88 MB ( 56%) committed,  1 nodes.
      Class space:        1.00 GB reserved,       4.38 MB ( <1%) committed,  1 nodes.
             Both:        1.06 GB reserved,      40.25 MB (  4%) committed. 

Chunk freelists:
   Non-Class:  11.69 MB
       Class:  11.47 MB
        Both:  23.16 MB

MaxMetaspaceSize: unlimited
CompressedClassSpaceSize: 1.00 GB
Initial GC threshold: 21.00 MB
Current GC threshold: 58.38 MB
CDS: off
MetaspaceReclaimPolicy: balanced
 - commit_granule_bytes: 65536.
 - commit_granule_words: 8192.
 - virtual_space_node_default_size: 8388608.
 - enlarge_chunks_in_place: 1.
 - new_chunks_are_fully_committed: 0.
 - uncommit_free_chunks: 1.
 - use_allocation_guard: 0.
 - handle_deallocations: 1.


Internal statistics:

num_allocs_failed_limit: 6.
num_arena_births: 374.
num_arena_deaths: 14.
num_vsnodes_births: 2.
num_vsnodes_deaths: 0.
num_space_committed: 644.
num_space_uncommitted: 0.
num_chunks_returned_to_freelist: 20.
num_chunks_taken_from_freelist: 1672.
num_chunk_merges: 7.
num_chunk_splits: 1088.
num_chunks_enlarged: 725.
num_inconsistent_stats: 0.

CodeHeap 'non-profiled nmethods': size=119168Kb used=2205Kb max_used=2205Kb free=116962Kb
 bounds [0x0000016cee420000, 0x0000016cee690000, 0x0000016cf5880000]
CodeHeap 'profiled nmethods': size=119104Kb used=8918Kb max_used=8918Kb free=110185Kb
 bounds [0x0000016ce6880000, 0x0000016ce7140000, 0x0000016cedcd0000]
CodeHeap 'non-nmethods': size=7488Kb used=2981Kb max_used=3011Kb free=4506Kb
 bounds [0x0000016cedcd0000, 0x0000016cee030000, 0x0000016cee420000]
 total_blobs=4883 nmethods=4256 adapters=537
 compilation: enabled
              stopped_count=0, restarted_count=0
 full_count=0

Compilation events (20 events):
Event: 7.262 Thread 0x0000016c807fb850 nmethod 4243 0x0000016ce712fe10 code [0x0000016ce71300e0, 0x0000016ce71310d8]
Event: 7.263 Thread 0x0000016c8113e260 nmethod 4237% 0x0000016cee640010 code [0x0000016cee640200, 0x0000016cee640eb0]
Event: 7.273 Thread 0x0000016c809d5b80 nmethod 4242 0x0000016cee641790 code [0x0000016cee6419a0, 0x0000016cee642500]
Event: 7.279 Thread 0x0000016cfecd33e0 4245       3       sun.reflect.generics.parser.SignatureParser::parseZeroOrMoreFormalTypeParameters (19 bytes)
Event: 7.279 Thread 0x0000016cfecd33e0 nmethod 4245 0x0000016ce7131690 code [0x0000016ce7131840, 0x0000016ce7131ab8]
Event: 7.280 Thread 0x0000016c807fb850 4246   !   3       sun.net.www.protocol.jar.Handler::parseAbsoluteSpec (85 bytes)
Event: 7.280 Thread 0x0000016cfcde4250 nmethod 4241 0x0000016cee643190 code [0x0000016cee6433c0, 0x0000016cee644530]
Event: 7.281 Thread 0x0000016c807fb850 nmethod 4246 0x0000016ce7131b90 code [0x0000016ce7131e80, 0x0000016ce7132bb8]
Event: 7.305 Thread 0x0000016c81ec7310 4247       4       java.util.concurrent.ConcurrentHashMap$ValueIterator::next (34 bytes)
Event: 7.307 Thread 0x0000016c81ec7310 nmethod 4247 0x0000016cee645490 code [0x0000016cee645620, 0x0000016cee645838]
Event: 7.311 Thread 0x0000016cfcde87f0 4248   !   3       java.security.AccessController::doPrivileged (22 bytes)
Event: 7.311 Thread 0x0000016cfcde87f0 nmethod 4248 0x0000016ce7133110 code [0x0000016ce7133300, 0x0000016ce7133788]
Event: 7.317 Thread 0x0000016c81ec7310 4249       4       java.lang.CharacterDataLatin1::getType (11 bytes)
Event: 7.317 Thread 0x0000016c81ec7310 nmethod 4249 0x0000016cee645a10 code [0x0000016cee645b80, 0x0000016cee645c38]
Event: 7.324 Thread 0x0000016c8113e260 4250 %     4       java.io.WinNTFileSystem::normalize @ 58 (224 bytes)
Event: 7.334 Thread 0x0000016cfcf62000 4251       3       java.net.URI$1::create (10 bytes)
Event: 7.334 Thread 0x0000016cfcde87f0 4252       3       java.net.URI::<init> (42 bytes)
Event: 7.334 Thread 0x0000016cfcf62000 nmethod 4251 0x0000016ce7133a10 code [0x0000016ce7133bc0, 0x0000016ce7133d68]
Event: 7.334 Thread 0x0000016cfcde87f0 nmethod 4252 0x0000016ce7133e10 code [0x0000016ce7133fa0, 0x0000016ce7134158]
Event: 7.336 Thread 0x0000016c809d5b80 4254       4       java.io.WinNTFileSystem::normalize (143 bytes)

GC Heap History (20 events):
Event: 6.325 GC heap before
{Heap before GC invocations=9 (full 1):
 PSYoungGen      total 25600K, used 19626K [0x00000000eab00000, 0x00000000ec980000, 0x0000000100000000)
  eden space 24064K, 75% used [0x00000000eab00000,0x00000000ebcae760,0x00000000ec280000)
  from space 1536K, 98% used [0x00000000ec400000,0x00000000ec57c168,0x00000000ec580000)
  to   space 3584K, 0% used [0x00000000ec600000,0x00000000ec600000,0x00000000ec980000)
 ParOldGen       total 68608K, used 8241K [0x00000000c0000000, 0x00000000c4300000, 0x00000000eab00000)
  object space 68608K, 12% used [0x00000000c0000000,0x00000000c080c7e8,0x00000000c4300000)
 Metaspace       used 35083K, committed 35840K, reserved 1114112K
  class space    used 3555K, committed 3904K, reserved 1048576K
}
Event: 6.326 GC heap after
{Heap after GC invocations=9 (full 1):
 PSYoungGen      total 27136K, used 2909K [0x00000000eab00000, 0x00000000ec900000, 0x0000000100000000)
  eden space 24064K, 0% used [0x00000000eab00000,0x00000000eab00000,0x00000000ec280000)
  from space 3072K, 94% used [0x00000000ec600000,0x00000000ec8d7420,0x00000000ec900000)
  to   space 3072K, 0% used [0x00000000ec300000,0x00000000ec300000,0x00000000ec600000)
 ParOldGen       total 68608K, used 8249K [0x00000000c0000000, 0x00000000c4300000, 0x00000000eab00000)
  object space 68608K, 12% used [0x00000000c0000000,0x00000000c080e7e8,0x00000000c4300000)
 Metaspace       used 35083K, committed 35840K, reserved 1114112K
  class space    used 3555K, committed 3904K, reserved 1048576K
}
Event: 6.326 GC heap before
{Heap before GC invocations=10 (full 2):
 PSYoungGen      total 27136K, used 2909K [0x00000000eab00000, 0x00000000ec900000, 0x0000000100000000)
  eden space 24064K, 0% used [0x00000000eab00000,0x00000000eab00000,0x00000000ec280000)
  from space 3072K, 94% used [0x00000000ec600000,0x00000000ec8d7420,0x00000000ec900000)
  to   space 3072K, 0% used [0x00000000ec300000,0x00000000ec300000,0x00000000ec600000)
 ParOldGen       total 68608K, used 8249K [0x00000000c0000000, 0x00000000c4300000, 0x00000000eab00000)
  object space 68608K, 12% used [0x00000000c0000000,0x00000000c080e7e8,0x00000000c4300000)
 Metaspace       used 35083K, committed 35840K, reserved 1114112K
  class space    used 3555K, committed 3904K, reserved 1048576K
}
Event: 6.343 GC heap after
{Heap after GC invocations=10 (full 2):
 PSYoungGen      total 27136K, used 0K [0x00000000eab00000, 0x00000000ec900000, 0x0000000100000000)
  eden space 24064K, 0% used [0x00000000eab00000,0x00000000eab00000,0x00000000ec280000)
  from space 3072K, 0% used [0x00000000ec600000,0x00000000ec600000,0x00000000ec900000)
  to   space 3072K, 0% used [0x00000000ec300000,0x00000000ec300000,0x00000000ec600000)
 ParOldGen       total 68608K, used 10793K [0x00000000c0000000, 0x00000000c4300000, 0x00000000eab00000)
  object space 68608K, 15% used [0x00000000c0000000,0x00000000c0a8a630,0x00000000c4300000)
 Metaspace       used 35083K, committed 35840K, reserved 1114112K
  class space    used 3555K, committed 3904K, reserved 1048576K
}
Event: 6.492 GC heap before
{Heap before GC invocations=11 (full 2):
 PSYoungGen      total 27136K, used 24064K [0x00000000eab00000, 0x00000000ec900000, 0x0000000100000000)
  eden space 24064K, 100% used [0x00000000eab00000,0x00000000ec280000,0x00000000ec280000)
  from space 3072K, 0% used [0x00000000ec600000,0x00000000ec600000,0x00000000ec900000)
  to   space 3072K, 0% used [0x00000000ec300000,0x00000000ec300000,0x00000000ec600000)
 ParOldGen       total 68608K, used 10793K [0x00000000c0000000, 0x00000000c4300000, 0x00000000eab00000)
  object space 68608K, 15% used [0x00000000c0000000,0x00000000c0a8a630,0x00000000c4300000)
 Metaspace       used 36379K, committed 37056K, reserved 1114112K
  class space    used 3704K, committed 3968K, reserved 1048576K
}
Event: 6.493 GC heap after
{Heap after GC invocations=11 (full 2):
 PSYoungGen      total 26112K, used 2112K [0x00000000eab00000, 0x00000000ec700000, 0x0000000100000000)
  eden space 23552K, 0% used [0x00000000eab00000,0x00000000eab00000,0x00000000ec200000)
  from space 2560K, 82% used [0x00000000ec300000,0x00000000ec510020,0x00000000ec580000)
  to   space 1536K, 0% used [0x00000000ec580000,0x00000000ec580000,0x00000000ec700000)
 ParOldGen       total 68608K, used 10801K [0x00000000c0000000, 0x00000000c4300000, 0x00000000eab00000)
  object space 68608K, 15% used [0x00000000c0000000,0x00000000c0a8c630,0x00000000c4300000)
 Metaspace       used 36379K, committed 37056K, reserved 1114112K
  class space    used 3704K, committed 3968K, reserved 1048576K
}
Event: 6.572 GC heap before
{Heap before GC invocations=12 (full 2):
 PSYoungGen      total 26112K, used 25664K [0x00000000eab00000, 0x00000000ec700000, 0x0000000100000000)
  eden space 23552K, 100% used [0x00000000eab00000,0x00000000ec200000,0x00000000ec200000)
  from space 2560K, 82% used [0x00000000ec300000,0x00000000ec510020,0x00000000ec580000)
  to   space 1536K, 0% used [0x00000000ec580000,0x00000000ec580000,0x00000000ec700000)
 ParOldGen       total 68608K, used 10801K [0x00000000c0000000, 0x00000000c4300000, 0x00000000eab00000)
  object space 68608K, 15% used [0x00000000c0000000,0x00000000c0a8c630,0x00000000c4300000)
 Metaspace       used 36584K, committed 37312K, reserved 1114112K
  class space    used 3725K, committed 4032K, reserved 1048576K
}
Event: 6.574 GC heap after
{Heap after GC invocations=12 (full 2):
 PSYoungGen      total 24064K, used 1504K [0x00000000eab00000, 0x00000000eca80000, 0x0000000100000000)
  eden space 22528K, 0% used [0x00000000eab00000,0x00000000eab00000,0x00000000ec100000)
  from space 1536K, 97% used [0x00000000ec580000,0x00000000ec6f8020,0x00000000ec700000)
  to   space 4608K, 0% used [0x00000000ec100000,0x00000000ec100000,0x00000000ec580000)
 ParOldGen       total 68608K, used 13177K [0x00000000c0000000, 0x00000000c4300000, 0x00000000eab00000)
  object space 68608K, 19% used [0x00000000c0000000,0x00000000c0cde630,0x00000000c4300000)
 Metaspace       used 36584K, committed 37312K, reserved 1114112K
  class space    used 3725K, committed 4032K, reserved 1048576K
}
Event: 6.631 GC heap before
{Heap before GC invocations=13 (full 2):
 PSYoungGen      total 24064K, used 24032K [0x00000000eab00000, 0x00000000eca80000, 0x0000000100000000)
  eden space 22528K, 100% used [0x00000000eab00000,0x00000000ec100000,0x00000000ec100000)
  from space 1536K, 97% used [0x00000000ec580000,0x00000000ec6f8020,0x00000000ec700000)
  to   space 4608K, 0% used [0x00000000ec100000,0x00000000ec100000,0x00000000ec580000)
 ParOldGen       total 68608K, used 13177K [0x00000000c0000000, 0x00000000c4300000, 0x00000000eab00000)
  object space 68608K, 19% used [0x00000000c0000000,0x00000000c0cde630,0x00000000c4300000)
 Metaspace       used 36658K, committed 37376K, reserved 1114112K
  class space    used 3739K, committed 4032K, reserved 1048576K
}
Event: 6.633 GC heap after
{Heap after GC invocations=13 (full 2):
 PSYoungGen      total 25088K, used 2560K [0x00000000eab00000, 0x00000000ec680000, 0x0000000100000000)
  eden space 22016K, 0% used [0x00000000eab00000,0x00000000eab00000,0x00000000ec080000)
  from space 3072K, 83% used [0x00000000ec100000,0x00000000ec380020,0x00000000ec400000)
  to   space 2560K, 0% used [0x00000000ec400000,0x00000000ec400000,0x00000000ec680000)
 ParOldGen       total 68608K, used 14670K [0x00000000c0000000, 0x00000000c4300000, 0x00000000eab00000)
  object space 68608K, 21% used [0x00000000c0000000,0x00000000c0e539a8,0x00000000c4300000)
 Metaspace       used 36658K, committed 37376K, reserved 1114112K
  class space    used 3739K, committed 4032K, reserved 1048576K
}
Event: 6.656 GC heap before
{Heap before GC invocations=14 (full 2):
 PSYoungGen      total 25088K, used 24576K [0x00000000eab00000, 0x00000000ec680000, 0x0000000100000000)
  eden space 22016K, 100% used [0x00000000eab00000,0x00000000ec080000,0x00000000ec080000)
  from space 3072K, 83% used [0x00000000ec100000,0x00000000ec380020,0x00000000ec400000)
  to   space 2560K, 0% used [0x00000000ec400000,0x00000000ec400000,0x00000000ec680000)
 ParOldGen       total 68608K, used 14670K [0x00000000c0000000, 0x00000000c4300000, 0x00000000eab00000)
  object space 68608K, 21% used [0x00000000c0000000,0x00000000c0e539a8,0x00000000c4300000)
 Metaspace       used 36658K, committed 37376K, reserved 1114112K
  class space    used 3739K, committed 4032K, reserved 1048576K
}
Event: 6.658 GC heap after
{Heap after GC invocations=14 (full 2):
 PSYoungGen      total 24576K, used 2080K [0x00000000eab00000, 0x00000000ec680000, 0x0000000100000000)
  eden space 22016K, 0% used [0x00000000eab00000,0x00000000eab00000,0x00000000ec080000)
  from space 2560K, 81% used [0x00000000ec400000,0x00000000ec608000,0x00000000ec680000)
  to   space 2560K, 0% used [0x00000000ec180000,0x00000000ec180000,0x00000000ec400000)
 ParOldGen       total 68608K, used 17063K [0x00000000c0000000, 0x00000000c4300000, 0x00000000eab00000)
  object space 68608K, 24% used [0x00000000c0000000,0x00000000c10a9c00,0x00000000c4300000)
 Metaspace       used 36658K, committed 37376K, reserved 1114112K
  class space    used 3739K, committed 4032K, reserved 1048576K
}
Event: 6.688 GC heap before
{Heap before GC invocations=15 (full 2):
 PSYoungGen      total 24576K, used 24096K [0x00000000eab00000, 0x00000000ec680000, 0x0000000100000000)
  eden space 22016K, 100% used [0x00000000eab00000,0x00000000ec080000,0x00000000ec080000)
  from space 2560K, 81% used [0x00000000ec400000,0x00000000ec608000,0x00000000ec680000)
  to   space 2560K, 0% used [0x00000000ec180000,0x00000000ec180000,0x00000000ec400000)
 ParOldGen       total 68608K, used 17063K [0x00000000c0000000, 0x00000000c4300000, 0x00000000eab00000)
  object space 68608K, 24% used [0x00000000c0000000,0x00000000c10a9c00,0x00000000c4300000)
 Metaspace       used 36662K, committed 37376K, reserved 1114112K
  class space    used 3739K, committed 4032K, reserved 1048576K
}
Event: 6.691 GC heap after
{Heap after GC invocations=15 (full 2):
 PSYoungGen      total 24576K, used 2368K [0x00000000eab00000, 0x00000000ec580000, 0x0000000100000000)
  eden space 22016K, 0% used [0x00000000eab00000,0x00000000eab00000,0x00000000ec080000)
  from space 2560K, 92% used [0x00000000ec180000,0x00000000ec3d0010,0x00000000ec400000)
  to   space 1536K, 0% used [0x00000000ec400000,0x00000000ec400000,0x00000000ec580000)
 ParOldGen       total 68608K, used 19031K [0x00000000c0000000, 0x00000000c4300000, 0x00000000eab00000)
  object space 68608K, 27% used [0x00000000c0000000,0x00000000c1295c00,0x00000000c4300000)
 Metaspace       used 36662K, committed 37376K, reserved 1114112K
  class space    used 3739K, committed 4032K, reserved 1048576K
}
Event: 6.727 GC heap before
{Heap before GC invocations=16 (full 2):
 PSYoungGen      total 24576K, used 24384K [0x00000000eab00000, 0x00000000ec580000, 0x0000000100000000)
  eden space 22016K, 100% used [0x00000000eab00000,0x00000000ec080000,0x00000000ec080000)
  from space 2560K, 92% used [0x00000000ec180000,0x00000000ec3d0010,0x00000000ec400000)
  to   space 1536K, 0% used [0x00000000ec400000,0x00000000ec400000,0x00000000ec580000)
 ParOldGen       total 68608K, used 19031K [0x00000000c0000000, 0x00000000c4300000, 0x00000000eab00000)
  object space 68608K, 27% used [0x00000000c0000000,0x00000000c1295c00,0x00000000c4300000)
 Metaspace       used 36662K, committed 37376K, reserved 1114112K
  class space    used 3739K, committed 4032K, reserved 1048576K
}
Event: 6.731 GC heap after
{Heap after GC invocations=16 (full 2):
 PSYoungGen      total 22528K, used 1536K [0x00000000eab00000, 0x00000000ec980000, 0x0000000100000000)
  eden space 20992K, 0% used [0x00000000eab00000,0x00000000eab00000,0x00000000ebf80000)
  from space 1536K, 100% used [0x00000000ec400000,0x00000000ec580000,0x00000000ec580000)
  to   space 4608K, 0% used [0x00000000ebf80000,0x00000000ebf80000,0x00000000ec400000)
 ParOldGen       total 68608K, used 21533K [0x00000000c0000000, 0x00000000c4300000, 0x00000000eab00000)
  object space 68608K, 31% used [0x00000000c0000000,0x00000000c1507490,0x00000000c4300000)
 Metaspace       used 36662K, committed 37376K, reserved 1114112K
  class space    used 3739K, committed 4032K, reserved 1048576K
}
Event: 7.007 GC heap before
{Heap before GC invocations=17 (full 2):
 PSYoungGen      total 22528K, used 22528K [0x00000000eab00000, 0x00000000ec980000, 0x0000000100000000)
  eden space 20992K, 100% used [0x00000000eab00000,0x00000000ebf80000,0x00000000ebf80000)
  from space 1536K, 100% used [0x00000000ec400000,0x00000000ec580000,0x00000000ec580000)
  to   space 4608K, 0% used [0x00000000ebf80000,0x00000000ebf80000,0x00000000ec400000)
 ParOldGen       total 68608K, used 21559K [0x00000000c0000000, 0x00000000c4300000, 0x00000000eab00000)
  object space 68608K, 31% used [0x00000000c0000000,0x00000000c150de00,0x00000000c4300000)
 Metaspace       used 38722K, committed 39424K, reserved 1114112K
  class space    used 3985K, committed 4288K, reserved 1048576K
}
Event: 7.008 GC heap after
{Heap after GC invocations=17 (full 2):
 PSYoungGen      total 23552K, used 2077K [0x00000000eab00000, 0x00000000ec680000, 0x0000000100000000)
  eden space 20992K, 0% used [0x00000000eab00000,0x00000000eab00000,0x00000000ebf80000)
  from space 2560K, 81% used [0x00000000ebf80000,0x00000000ec187408,0x00000000ec200000)
  to   space 3072K, 0% used [0x00000000ec380000,0x00000000ec380000,0x00000000ec680000)
 ParOldGen       total 68608K, used 23116K [0x00000000c0000000, 0x00000000c4300000, 0x00000000eab00000)
  object space 68608K, 33% used [0x00000000c0000000,0x00000000c1693158,0x00000000c4300000)
 Metaspace       used 38722K, committed 39424K, reserved 1114112K
  class space    used 3985K, committed 4288K, reserved 1048576K
}
Event: 7.271 GC heap before
{Heap before GC invocations=18 (full 2):
 PSYoungGen      total 23552K, used 23069K [0x00000000eab00000, 0x00000000ec680000, 0x0000000100000000)
  eden space 20992K, 100% used [0x00000000eab00000,0x00000000ebf80000,0x00000000ebf80000)
  from space 2560K, 81% used [0x00000000ebf80000,0x00000000ec187408,0x00000000ec200000)
  to   space 3072K, 0% used [0x00000000ec380000,0x00000000ec380000,0x00000000ec680000)
 ParOldGen       total 68608K, used 23119K [0x00000000c0000000, 0x00000000c4300000, 0x00000000eab00000)
  object space 68608K, 33% used [0x00000000c0000000,0x00000000c1693d10,0x00000000c4300000)
 Metaspace       used 40081K, committed 40832K, reserved 1114112K
  class space    used 4146K, committed 4416K, reserved 1048576K
}
Event: 7.272 GC heap after
{Heap after GC invocations=18 (full 2):
 PSYoungGen      total 21504K, used 512K [0x00000000eab00000, 0x00000000ec400000, 0x0000000100000000)
  eden space 20992K, 0% used [0x00000000eab00000,0x00000000eab00000,0x00000000ebf80000)
  from space 512K, 100% used [0x00000000ec380000,0x00000000ec400000,0x00000000ec400000)
  to   space 1536K, 0% used [0x00000000ec100000,0x00000000ec100000,0x00000000ec280000)
 ParOldGen       total 68608K, used 24974K [0x00000000c0000000, 0x00000000c4300000, 0x00000000eab00000)
  object space 68608K, 36% used [0x00000000c0000000,0x00000000c1863a80,0x00000000c4300000)
 Metaspace       used 40081K, committed 40832K, reserved 1114112K
  class space    used 4146K, committed 4416K, reserved 1048576K
}

Dll operation events (10 events):
Event: 0.092 Loaded shared library c:\Users\nicol\.vscode-oss\extensions\redhat.java-1.21.0-win32-x64\jre\17.0.7-win32-x86_64\bin\java.dll
Event: 0.207 Loaded shared library c:\Users\nicol\.vscode-oss\extensions\redhat.java-1.21.0-win32-x64\jre\17.0.7-win32-x86_64\bin\zip.dll
Event: 0.209 Loaded shared library C:\Users\nicol\.vscode-oss\extensions\redhat.java-1.21.0-win32-x64\jre\17.0.7-win32-x86_64\bin\instrument.dll
Event: 0.243 Loaded shared library C:\Users\nicol\.vscode-oss\extensions\redhat.java-1.21.0-win32-x64\jre\17.0.7-win32-x86_64\bin\net.dll
Event: 0.272 Loaded shared library C:\Users\nicol\.vscode-oss\extensions\redhat.java-1.21.0-win32-x64\jre\17.0.7-win32-x86_64\bin\nio.dll
Event: 0.277 Loaded shared library C:\Users\nicol\.vscode-oss\extensions\redhat.java-1.21.0-win32-x64\jre\17.0.7-win32-x86_64\bin\zip.dll
Event: 0.289 Loaded shared library C:\Users\nicol\.vscode-oss\extensions\redhat.java-1.21.0-win32-x64\jre\17.0.7-win32-x86_64\bin\jimage.dll
Event: 0.347 Loaded shared library c:\Users\nicol\.vscode-oss\extensions\redhat.java-1.21.0-win32-x64\jre\17.0.7-win32-x86_64\bin\verify.dll
Event: 4.043 Loaded shared library C:\Users\nicol\AppData\Roaming\VSCodium\User\globalStorage\redhat.java\1.21.0\config_ss_win\org.eclipse.equinox.launcher\org.eclipse.equinox.launcher.win32.win32.x86_64_1.2.700.v20221108-1024\eclipse_11801.dll
Event: 5.956 Loaded shared library C:\Users\nicol\AppData\Local\Temp\jna-104814053\jna7786125576766783881.dll

Deoptimization events (20 events):
Event: 6.824 Thread 0x0000016c8025e110 Uncommon trap: trap_request=0xffffffde fr.pc=0x0000016cee547714 relative=0x0000000000000a74
Event: 6.824 Thread 0x0000016c8025d2a0 Uncommon trap: trap_request=0xffffffde fr.pc=0x0000016cee547714 relative=0x0000000000000a74
Event: 6.824 Thread 0x0000016c8025e110 Uncommon trap: reason=class_check action=maybe_recompile pc=0x0000016cee547714 method=java.util.concurrent.ConcurrentHashMap.putVal(Ljava/lang/Object;Ljava/lang/Object;Z)Ljava/lang/Object; @ 159 c2
Event: 6.824 Thread 0x0000016c8025d2a0 Uncommon trap: reason=class_check action=maybe_recompile pc=0x0000016cee547714 method=java.util.concurrent.ConcurrentHashMap.putVal(Ljava/lang/Object;Ljava/lang/Object;Z)Ljava/lang/Object; @ 159 c2
Event: 6.824 Thread 0x0000016c8025d2a0 DEOPT PACKING pc=0x0000016cee547714 sp=0x00000024e62fd790
Event: 6.824 Thread 0x0000016c8025e110 DEOPT PACKING pc=0x0000016cee547714 sp=0x00000024e61fdb80
Event: 6.824 Thread 0x0000016c8025d2a0 DEOPT UNPACKING pc=0x0000016cedd266a3 sp=0x00000024e62fd710 mode 2
Event: 6.824 Thread 0x0000016c8025e110 DEOPT UNPACKING pc=0x0000016cedd266a3 sp=0x00000024e61fdb00 mode 2
Event: 7.108 Thread 0x0000016c8025ef80 Uncommon trap: trap_request=0xffffffbe fr.pc=0x0000016cee5ef898 relative=0x00000000000006b8
Event: 7.108 Thread 0x0000016c8025ef80 Uncommon trap: reason=profile_predicate action=maybe_recompile pc=0x0000016cee5ef898 method=java.util.TreeMap.getEntryUsingComparator(Ljava/lang/Object;)Ljava/util/TreeMap$Entry; @ 19 c2
Event: 7.108 Thread 0x0000016c8025ef80 DEOPT PACKING pc=0x0000016cee5ef898 sp=0x00000024e51fe870
Event: 7.108 Thread 0x0000016c8025ef80 DEOPT UNPACKING pc=0x0000016cedd266a3 sp=0x00000024e51fe820 mode 2
Event: 7.108 Thread 0x0000016c8025ef80 Uncommon trap: trap_request=0xffffffbe fr.pc=0x0000016cee5ef898 relative=0x00000000000006b8
Event: 7.108 Thread 0x0000016c8025ef80 Uncommon trap: reason=profile_predicate action=maybe_recompile pc=0x0000016cee5ef898 method=java.util.TreeMap.getEntryUsingComparator(Ljava/lang/Object;)Ljava/util/TreeMap$Entry; @ 19 c2
Event: 7.108 Thread 0x0000016c8025ef80 DEOPT PACKING pc=0x0000016cee5ef898 sp=0x00000024e51fe8e0
Event: 7.108 Thread 0x0000016c8025ef80 DEOPT UNPACKING pc=0x0000016cedd266a3 sp=0x00000024e51fe890 mode 2
Event: 7.292 Thread 0x0000016c8025cdd0 Uncommon trap: trap_request=0xffffff45 fr.pc=0x0000016cee635ad0 relative=0x0000000000000d50
Event: 7.292 Thread 0x0000016c8025cdd0 Uncommon trap: reason=unstable_if action=reinterpret pc=0x0000016cee635ad0 method=java.util.TreeMap.put(Ljava/lang/Object;Ljava/lang/Object;Z)Ljava/lang/Object; @ 27 c2
Event: 7.292 Thread 0x0000016c8025cdd0 DEOPT PACKING pc=0x0000016cee635ad0 sp=0x00000024e5bfc930
Event: 7.292 Thread 0x0000016c8025cdd0 DEOPT UNPACKING pc=0x0000016cedd266a3 sp=0x00000024e5bfc8d0 mode 2

Classes unloaded (7 events):
Event: 4.706 Thread 0x0000016cf7a71b40 Unloading class 0x000000010021a000 'java/lang/invoke/LambdaForm$MH+0x000000010021a000'
Event: 4.706 Thread 0x0000016cf7a71b40 Unloading class 0x0000000100219c00 'java/lang/invoke/LambdaForm$MH+0x0000000100219c00'
Event: 4.706 Thread 0x0000016cf7a71b40 Unloading class 0x0000000100219800 'java/lang/invoke/LambdaForm$MH+0x0000000100219800'
Event: 4.706 Thread 0x0000016cf7a71b40 Unloading class 0x0000000100219400 'java/lang/invoke/LambdaForm$MH+0x0000000100219400'
Event: 4.706 Thread 0x0000016cf7a71b40 Unloading class 0x0000000100219000 'java/lang/invoke/LambdaForm$BMH+0x0000000100219000'
Event: 4.706 Thread 0x0000016cf7a71b40 Unloading class 0x0000000100218c00 'java/lang/invoke/LambdaForm$DMH+0x0000000100218c00'
Event: 4.706 Thread 0x0000016cf7a71b40 Unloading class 0x0000000100212000 'java/lang/invoke/LambdaForm$DMH+0x0000000100212000'

Classes redefined (0 events):
No events

Internal exceptions (20 events):
Event: 6.025 Thread 0x0000016ce3bfe260 Exception <a 'java/lang/NoSuchMethodError'{0x00000000ec1e3f00}: 'java.lang.Object java.lang.invoke.DirectMethodHandle$Holder.newInvokeSpecial(java.lang.Object, java.lang.Object, long)'> (0x00000000ec1e3f00) 
thrown [s\src\hotspot\share\interpreter\linkResolver.cpp, line 759]
Event: 6.070 Thread 0x0000016ce3bfe260 Exception <a 'java/lang/NoSuchMethodError'{0x00000000eabc3d10}: 'void java.lang.invoke.DirectMethodHandle$Holder.invokeStatic(java.lang.Object, java.lang.Object, java.lang.Object, java.lang.Object)'> (0x00000000eabc3d10) 
thrown [s\src\hotspot\share\interpreter\linkResolver.cpp, line 759]
Event: 6.194 Thread 0x0000016ce3bfe260 Exception <a 'java/lang/NoSuchMethodError'{0x00000000eb3d1710}: 'void java.lang.invoke.DirectMethodHandle$Holder.invokeSpecial(java.lang.Object, java.lang.Object, java.lang.Object, java.lang.Object, java.lang.Object, java.lang.Object)'> (0x00000000eb3d1710) 
thrown [s\src\hotspot\share\interpreter\linkResolver.cpp, line 759]
Event: 6.196 Thread 0x0000016ce3bfe260 Exception <a 'java/lang/IncompatibleClassChangeError'{0x00000000eb3dafc0}: Found class java.lang.Object, but interface was expected> (0x00000000eb3dafc0) 
thrown [s\src\hotspot\share\interpreter\linkResolver.cpp, line 826]
Event: 6.280 Thread 0x0000016c8025cdd0 Exception <a 'java/io/FileNotFoundException'{0x00000000eb98db20}> (0x00000000eb98db20) 
thrown [s\src\hotspot\share\prims\jni.cpp, line 516]
Event: 6.299 Thread 0x0000016c8025cdd0 Exception <a 'sun/nio/fs/WindowsException'{0x00000000ebb071c0}> (0x00000000ebb071c0) 
thrown [s\src\hotspot\share\prims\jni.cpp, line 516]
Event: 6.302 Thread 0x0000016c8025dc40 Exception <a 'java/io/FileNotFoundException'{0x00000000ebb374f8}> (0x00000000ebb374f8) 
thrown [s\src\hotspot\share\prims\jni.cpp, line 516]
Event: 6.302 Thread 0x0000016c8025dc40 Exception <a 'java/io/FileNotFoundException'{0x00000000ebb38518}> (0x00000000ebb38518) 
thrown [s\src\hotspot\share\prims\jni.cpp, line 516]
Event: 6.382 Thread 0x0000016c8025ef80 Exception <a 'java/lang/NoSuchMethodError'{0x00000000eae10308}: 'java.lang.Object java.lang.invoke.Invokers$Holder.invoke_MT(java.lang.Object, java.lang.Object, java.lang.Object)'> (0x00000000eae10308) 
thrown [s\src\hotspot\share\interpreter\linkResolver.cpp, line 759]
Event: 6.508 Thread 0x0000016c8025ef80 Exception <a 'java/io/FileNotFoundException'{0x00000000eaf54898}> (0x00000000eaf54898) 
thrown [s\src\hotspot\share\prims\jni.cpp, line 516]
Event: 6.508 Thread 0x0000016c8025ef80 Exception <a 'java/io/FileNotFoundException'{0x00000000eaf55df8}> (0x00000000eaf55df8) 
thrown [s\src\hotspot\share\prims\jni.cpp, line 516]
Event: 6.509 Thread 0x0000016c8025ef80 Exception <a 'java/lang/NoSuchMethodError'{0x00000000eaf61fd8}: 'void java.lang.invoke.DirectMethodHandle$Holder.invokeStaticInit(java.lang.Object, java.lang.Object, java.lang.Object)'> (0x00000000eaf61fd8) 
thrown [s\src\hotspot\share\interpreter\linkResolver.cpp, line 759]
Event: 6.823 Thread 0x0000016c8025e5e0 Exception <a 'java/lang/NoSuchMethodError'{0x00000000eafcd338}: 'java.lang.Object java.lang.invoke.DirectMethodHandle$Holder.invokeInterface(java.lang.Object, java.lang.Object, java.lang.Object)'> (0x00000000eafcd338) 
thrown [s\src\hotspot\share\interpreter\linkResolver.cpp, line 759]
Event: 6.823 Thread 0x0000016c8025e110 Exception <a 'java/lang/NoSuchMethodError'{0x00000000eb02e810}: 'java.lang.Object java.lang.invoke.DirectMethodHandle$Holder.invokeInterface(java.lang.Object, java.lang.Object, java.lang.Object)'> (0x00000000eb02e810) 
thrown [s\src\hotspot\share\interpreter\linkResolver.cpp, line 759]
Event: 6.823 Thread 0x0000016c8025d2a0 Exception <a 'java/lang/NoSuchMethodError'{0x00000000eaf9fb70}: 'java.lang.Object java.lang.invoke.DirectMethodHandle$Holder.invokeInterface(java.lang.Object, java.lang.Object, java.lang.Object)'> (0x00000000eaf9fb70) 
thrown [s\src\hotspot\share\interpreter\linkResolver.cpp, line 759]
Event: 6.823 Thread 0x0000016c8025cdd0 Exception <a 'java/lang/NoSuchMethodError'{0x00000000eb03eb08}: 'java.lang.Object java.lang.invoke.DirectMethodHandle$Holder.invokeInterface(java.lang.Object, java.lang.Object, java.lang.Object)'> (0x00000000eb03eb08) 
thrown [s\src\hotspot\share\interpreter\linkResolver.cpp, line 759]
Event: 7.031 Thread 0x0000016c8025e110 Exception <a 'java/lang/LinkageError'{0x00000000eab6f9f0}: loader lombok.launch.ShadowClassLoader @71507806 attempted duplicate class definition for lombok.launch.PatchFixesHider$Transform. (lombok.launch.PatchFixesHider$Transform is in unnamed module of loader lombok.launch.ShadowClassLoader @71507806, parent loader org.eclipse.osgi.internal.loader.EquinoxClassLoader @70d28d12)> (0x00000000eab6f9f0) 
thrown [s\src\hotspot\share\classfile\systemDictionary.cpp, line 1724]
Event: 7.031 Thread 0x0000016c8025d2a0 Exception <a 'java/lang/LinkageError'{0x00000000eac6b700}: loader lombok.launch.ShadowClassLoader @71507806 attempted duplicate class definition for lombok.launch.PatchFixesHider$Transform. (lombok.launch.PatchFixesHider$Transform is in unnamed module of loader lombok.launch.ShadowClassLoader @71507806, parent loader org.eclipse.osgi.internal.loader.EquinoxClassLoader @70d28d12)> (0x00000000eac6b700) 
thrown [s\src\hotspot\share\classfile\systemDictionary.cpp, line 1724]
Event: 7.121 Thread 0x0000016c8025ef80 Exception <a 'java/io/FileNotFoundException'{0x00000000eb58e7a0}> (0x00000000eb58e7a0) 
thrown [s\src\hotspot\share\prims\jni.cpp, line 516]
Event: 7.292 Thread 0x0000016c8025cdd0 Implicit null exception at 0x0000016cee634dcf to 0x0000016cee635ab8

VM Operations (20 events):
Event: 6.572 Executing VM operation: ParallelGCFailedAllocation
Event: 6.575 Executing VM operation: ParallelGCFailedAllocation done
Event: 6.631 Executing VM operation: ParallelGCFailedAllocation
Event: 6.633 Executing VM operation: ParallelGCFailedAllocation done
Event: 6.656 Executing VM operation: ParallelGCFailedAllocation
Event: 6.658 Executing VM operation: ParallelGCFailedAllocation done
Event: 6.688 Executing VM operation: ParallelGCFailedAllocation
Event: 6.691 Executing VM operation: ParallelGCFailedAllocation done
Event: 6.727 Executing VM operation: ParallelGCFailedAllocation
Event: 6.731 Executing VM operation: ParallelGCFailedAllocation done
Event: 6.870 Executing VM operation: HandshakeAllThreads
Event: 6.870 Executing VM operation: HandshakeAllThreads done
Event: 6.993 Executing VM operation: HandshakeAllThreads
Event: 6.993 Executing VM operation: HandshakeAllThreads done
Event: 7.007 Executing VM operation: ParallelGCFailedAllocation
Event: 7.007 Executing VM operation: ParallelGCFailedAllocation done
Event: 7.007 Executing VM operation: ParallelGCSystemGC
Event: 7.008 Executing VM operation: ParallelGCSystemGC done
Event: 7.271 Executing VM operation: ParallelGCFailedAllocation
Event: 7.272 Executing VM operation: ParallelGCFailedAllocation done

Events (20 events):
Event: 6.811 Thread 0x0000016c8025d2a0 Thread added: 0x0000016c8025d2a0
Event: 6.814 Thread 0x0000016c8025e5e0 Thread added: 0x0000016c8025e5e0
Event: 6.853 loading class sun/nio/cs/ThreadLocalCoders
Event: 6.853 loading class sun/nio/cs/ThreadLocalCoders done
Event: 6.853 loading class sun/nio/cs/ThreadLocalCoders$1
Event: 6.853 loading class sun/nio/cs/ThreadLocalCoders$Cache
Event: 6.853 loading class sun/nio/cs/ThreadLocalCoders$Cache done
Event: 6.853 loading class sun/nio/cs/ThreadLocalCoders$1 done
Event: 6.854 loading class sun/nio/cs/ThreadLocalCoders$2
Event: 6.854 loading class sun/nio/cs/ThreadLocalCoders$2 done
Event: 6.964 loading class java/lang/ExceptionInInitializerError
Event: 6.964 loading class java/lang/ExceptionInInitializerError done
Event: 7.127 loading class java/util/WeakHashMap$KeyIterator
Event: 7.127 loading class java/util/WeakHashMap$KeyIterator done
Event: 7.141 loading class java/util/Vector$1
Event: 7.141 loading class java/util/Vector$1 done
Event: 7.292 loading class java/util/Collections$UnmodifiableSortedSet
Event: 7.292 loading class java/util/Collections$UnmodifiableSortedSet done
Event: 7.322 loading class java/util/regex/Pattern$Caret
Event: 7.322 loading class java/util/regex/Pattern$Caret done


Dynamic libraries:
0x00007ff7009e0000 - 0x00007ff7009ee000 	c:\Users\nicol\.vscode-oss\extensions\redhat.java-1.21.0-win32-x64\jre\17.0.7-win32-x86_64\bin\java.exe
0x00007ffc07fd0000 - 0x00007ffc081e4000 	C:\WINDOWS\SYSTEM32\ntdll.dll
0x00007ffc07980000 - 0x00007ffc07a44000 	C:\WINDOWS\System32\KERNEL32.DLL
0x00007ffc059b0000 - 0x00007ffc05d54000 	C:\WINDOWS\System32\KERNELBASE.dll
0x00007ffc05560000 - 0x00007ffc05671000 	C:\WINDOWS\System32\ucrtbase.dll
0x00007ffbc3810000 - 0x00007ffbc3829000 	c:\Users\nicol\.vscode-oss\extensions\redhat.java-1.21.0-win32-x64\jre\17.0.7-win32-x86_64\bin\VCRUNTIME140.dll
0x00007ffbc11f0000 - 0x00007ffbc1207000 	c:\Users\nicol\.vscode-oss\extensions\redhat.java-1.21.0-win32-x64\jre\17.0.7-win32-x86_64\bin\jli.dll
0x00007ffc077d0000 - 0x00007ffc0797e000 	C:\WINDOWS\System32\USER32.dll
0x00007ffbf46b0000 - 0x00007ffbf4943000 	C:\WINDOWS\WinSxS\amd64_microsoft.windows.common-controls_6595b64144ccf1df_6.0.22621.2215_none_270d72677387dfc3\COMCTL32.dll
0x00007ffc05860000 - 0x00007ffc05886000 	C:\WINDOWS\System32\win32u.dll
0x00007ffc06060000 - 0x00007ffc06107000 	C:\WINDOWS\System32\msvcrt.dll
0x00007ffc05e90000 - 0x00007ffc05eb9000 	C:\WINDOWS\System32\GDI32.dll
0x00007ffc05890000 - 0x00007ffc059a8000 	C:\WINDOWS\System32\gdi32full.dll
0x00007ffc05700000 - 0x00007ffc0579a000 	C:\WINDOWS\System32\msvcp_win.dll
0x00007ffc05e10000 - 0x00007ffc05e41000 	C:\WINDOWS\System32\IMM32.DLL
0x00007ffbf35f0000 - 0x00007ffbf35fc000 	c:\Users\nicol\.vscode-oss\extensions\redhat.java-1.21.0-win32-x64\jre\17.0.7-win32-x86_64\bin\vcruntime140_1.dll
0x00007ffbb25a0000 - 0x00007ffbb2631000 	c:\Users\nicol\.vscode-oss\extensions\redhat.java-1.21.0-win32-x64\jre\17.0.7-win32-x86_64\bin\msvcp140.dll
0x00007ffb8a840000 - 0x00007ffb8b488000 	c:\Users\nicol\.vscode-oss\extensions\redhat.java-1.21.0-win32-x64\jre\17.0.7-win32-x86_64\bin\server\jvm.dll
0x00007ffc05d60000 - 0x00007ffc05e10000 	C:\WINDOWS\System32\ADVAPI32.dll
0x00007ffc062f0000 - 0x00007ffc06396000 	C:\WINDOWS\System32\sechost.dll
0x00007ffc07d60000 - 0x00007ffc07e77000 	C:\WINDOWS\System32\RPCRT4.dll
0x00007ffbf3820000 - 0x00007ffbf3829000 	C:\WINDOWS\SYSTEM32\WSOCK32.dll
0x00007ffc02df0000 - 0x00007ffc02e24000 	C:\WINDOWS\SYSTEM32\WINMM.dll
0x00007ffbfe460000 - 0x00007ffbfe46a000 	C:\WINDOWS\SYSTEM32\VERSION.dll
0x00007ffc06200000 - 0x00007ffc06271000 	C:\WINDOWS\System32\WS2_32.dll
0x00007ffc04340000 - 0x00007ffc04358000 	C:\WINDOWS\SYSTEM32\kernel.appcore.dll
0x00007ffbebd40000 - 0x00007ffbebd4a000 	c:\Users\nicol\.vscode-oss\extensions\redhat.java-1.21.0-win32-x64\jre\17.0.7-win32-x86_64\bin\jimage.dll
0x00007ffc02b50000 - 0x00007ffc02d7e000 	C:\WINDOWS\SYSTEM32\DBGHELP.DLL
0x00007ffc06b60000 - 0x00007ffc06eea000 	C:\WINDOWS\System32\combase.dll
0x00007ffc07c80000 - 0x00007ffc07d57000 	C:\WINDOWS\System32\OLEAUT32.dll
0x00007ffc02af0000 - 0x00007ffc02b22000 	C:\WINDOWS\SYSTEM32\dbgcore.DLL
0x00007ffc05680000 - 0x00007ffc056fa000 	C:\WINDOWS\System32\bcryptPrimitives.dll
0x00007ffbdeb80000 - 0x00007ffbdeb8e000 	c:\Users\nicol\.vscode-oss\extensions\redhat.java-1.21.0-win32-x64\jre\17.0.7-win32-x86_64\bin\instrument.dll
0x00007ffbb35e0000 - 0x00007ffbb3605000 	c:\Users\nicol\.vscode-oss\extensions\redhat.java-1.21.0-win32-x64\jre\17.0.7-win32-x86_64\bin\java.dll
0x00007ffbc0f50000 - 0x00007ffbc0f68000 	c:\Users\nicol\.vscode-oss\extensions\redhat.java-1.21.0-win32-x64\jre\17.0.7-win32-x86_64\bin\zip.dll
0x00007ffc06ef0000 - 0x00007ffc07713000 	C:\WINDOWS\System32\SHELL32.dll
0x00007ffc032c0000 - 0x00007ffc03baa000 	C:\WINDOWS\SYSTEM32\windows.storage.dll
0x00007ffc03180000 - 0x00007ffc032be000 	C:\WINDOWS\SYSTEM32\wintypes.dll
0x00007ffc063a0000 - 0x00007ffc06493000 	C:\WINDOWS\System32\SHCORE.dll
0x00007ffc06280000 - 0x00007ffc062de000 	C:\WINDOWS\System32\shlwapi.dll
0x00007ffc052b0000 - 0x00007ffc052d6000 	C:\WINDOWS\SYSTEM32\profapi.dll
0x00007ffbc0b10000 - 0x00007ffbc0b29000 	C:\Users\nicol\.vscode-oss\extensions\redhat.java-1.21.0-win32-x64\jre\17.0.7-win32-x86_64\bin\net.dll
0x00007ffbfb8a0000 - 0x00007ffbfb9d7000 	C:\WINDOWS\SYSTEM32\WINHTTP.dll
0x00007ffc04800000 - 0x00007ffc04869000 	C:\WINDOWS\system32\mswsock.dll
0x00007ffbc0020000 - 0x00007ffbc0035000 	C:\Users\nicol\.vscode-oss\extensions\redhat.java-1.21.0-win32-x64\jre\17.0.7-win32-x86_64\bin\nio.dll
0x00007ffbdea50000 - 0x00007ffbdea60000 	c:\Users\nicol\.vscode-oss\extensions\redhat.java-1.21.0-win32-x64\jre\17.0.7-win32-x86_64\bin\verify.dll
0x00007ffbb1d40000 - 0x00007ffbb1d7e000 	C:\Users\nicol\AppData\Roaming\VSCodium\User\globalStorage\redhat.java\1.21.0\config_ss_win\org.eclipse.equinox.launcher\org.eclipse.equinox.launcher.win32.win32.x86_64_1.2.700.v20221108-1024\eclipse_11801.dll
0x00007ffc05ec0000 - 0x00007ffc0605e000 	C:\WINDOWS\System32\ole32.dll
0x00007ffc04aa0000 - 0x00007ffc04abb000 	C:\WINDOWS\SYSTEM32\CRYPTSP.dll
0x00007ffc04300000 - 0x00007ffc04335000 	C:\WINDOWS\system32\rsaenh.dll
0x00007ffc048a0000 - 0x00007ffc048cc000 	C:\WINDOWS\SYSTEM32\USERENV.dll
0x00007ffc04c60000 - 0x00007ffc04c88000 	C:\WINDOWS\SYSTEM32\bcrypt.dll
0x00007ffc04a10000 - 0x00007ffc04a1c000 	C:\WINDOWS\SYSTEM32\CRYPTBASE.dll
0x00007ffc03e50000 - 0x00007ffc03e7d000 	C:\WINDOWS\SYSTEM32\IPHLPAPI.DLL
0x00007ffc05e50000 - 0x00007ffc05e59000 	C:\WINDOWS\System32\NSI.dll
0x00007ffbfb610000 - 0x00007ffbfb629000 	C:\WINDOWS\SYSTEM32\dhcpcsvc6.DLL
0x00007ffbfb5f0000 - 0x00007ffbfb60f000 	C:\WINDOWS\SYSTEM32\dhcpcsvc.DLL
0x00007ffc03e80000 - 0x00007ffc03f72000 	C:\WINDOWS\SYSTEM32\DNSAPI.dll
0x00007ffbb1cb0000 - 0x00007ffbb1cf5000 	C:\Users\nicol\AppData\Local\Temp\jna-104814053\jna7786125576766783881.dll
0x00007ffc062e0000 - 0x00007ffc062e8000 	C:\WINDOWS\System32\PSAPI.DLL

dbghelp: loaded successfully - version: 4.0.5 - missing functions: none
symbol engine: initialized successfully - sym options: 0x614 - pdb path: .;c:\Users\nicol\.vscode-oss\extensions\redhat.java-1.21.0-win32-x64\jre\17.0.7-win32-x86_64\bin;C:\WINDOWS\SYSTEM32;C:\WINDOWS\WinSxS\amd64_microsoft.windows.common-controls_6595b64144ccf1df_6.0.22621.2215_none_270d72677387dfc3;c:\Users\nicol\.vscode-oss\extensions\redhat.java-1.21.0-win32-x64\jre\17.0.7-win32-x86_64\bin\server;C:\Users\nicol\AppData\Roaming\VSCodium\User\globalStorage\redhat.java\1.21.0\config_ss_win\org.eclipse.equinox.launcher\org.eclipse.equinox.launcher.win32.win32.x86_64_1.2.700.v20221108-1024;C:\Users\nicol\AppData\Local\Temp\jna-104814053

VM Arguments:
jvm_args: --add-modules=ALL-SYSTEM --add-opens=java.base/java.util=ALL-UNNAMED --add-opens=java.base/java.lang=ALL-UNNAMED --add-opens=java.base/sun.nio.fs=ALL-UNNAMED -Declipse.application=org.eclipse.jdt.ls.core.id1 -Dosgi.bundles.defaultStartLevel=4 -Declipse.product=org.eclipse.jdt.ls.core.product -Djava.import.generatesMetadataFilesAtProjectRoot=false -Dfile.encoding=utf8 -XX:+UseParallelGC -XX:GCTimeRatio=4 -XX:AdaptiveSizePolicyWeight=90 -Dsun.zip.disableMemoryMapping=true -Xmx1G -Xms100m -Xlog:disable -javaagent:c:\Users\nicol\.vscode-oss\extensions\redhat.java-1.21.0-win32-x64\lombok\lombok-1.18.28.jar 
java_command: c:\Users\nicol\.vscode-oss\extensions\redhat.java-1.21.0-win32-x64\server\plugins\org.eclipse.equinox.launcher_1.6.500.v20230717-2134.jar -configuration c:\Users\nicol\AppData\Roaming\VSCodium\User\globalStorage\redhat.java\1.21.0\config_ss_win -data c:\Users\nicol\AppData\Roaming\VSCodium\User\workspaceStorage\c5f7e5e40e98474a4542d66f255a5a0e\redhat.java\ss_ws
java_class_path (initial): c:\Users\nicol\.vscode-oss\extensions\redhat.java-1.21.0-win32-x64\server\plugins\org.eclipse.equinox.launcher_1.6.500.v20230717-2134.jar
Launcher Type: SUN_STANDARD

[Global flags]
    uintx AdaptiveSizePolicyWeight                 = 90                                        {product} {command line}
     intx CICompilerCount                          = 12                                        {product} {ergonomic}
    uintx GCTimeRatio                              = 4                                         {product} {command line}
   size_t InitialHeapSize                          = 104857600                                 {product} {command line}
   size_t MaxHeapSize                              = 1073741824                                {product} {command line}
   size_t MaxNewSize                               = 357564416                                 {product} {ergonomic}
   size_t MinHeapDeltaBytes                        = 524288                                    {product} {ergonomic}
   size_t MinHeapSize                              = 104857600                                 {product} {command line}
   size_t NewSize                                  = 34603008                                  {product} {ergonomic}
    uintx NonNMethodCodeHeapSize                   = 7602480                                {pd product} {ergonomic}
    uintx NonProfiledCodeHeapSize                  = 122027880                              {pd product} {ergonomic}
   size_t OldSize                                  = 70254592                                  {product} {ergonomic}
    uintx ProfiledCodeHeapSize                     = 122027880                              {pd product} {ergonomic}
    uintx ReservedCodeCacheSize                    = 251658240                              {pd product} {ergonomic}
     bool SegmentedCodeCache                       = true                                      {product} {ergonomic}
   size_t SoftMaxHeapSize                          = 1073741824                             {manageable} {ergonomic}
     bool UseCompressedClassPointers               = true                           {product lp64_product} {ergonomic}
     bool UseCompressedOops                        = true                           {product lp64_product} {ergonomic}
     bool UseLargePagesIndividualAllocation        = false                                  {pd product} {ergonomic}
     bool UseParallelGC                            = true                                      {product} {command line}

Logging:
Log output configuration:
 #0: stdout all=off uptime,level,tags
 #1: stderr all=off uptime,level,tags

Environment Variables:
CLASSPATH=.;
PATH=C:\Program Files\Java\jdk-20\bin;C:\tools\neovim\nvim-win64\bin;C:\Program Files\Common Files\Oracle\Java\javapath;C:\dev\Git\bin;C:\ProgramData\chocolatey\bin;C:\Program Files (x86)\Common Files\Oracle\Java\javapath;C:\Program Files\Eclipse Adoptium\jre-8.0.372.7-hotspot\bin;C:\dev\ImageMagick-7.1.1-Q16-HDRI;C:\WINDOWS\system32;C:\WINDOWS;C:\WINDOWS\System32\Wbem;C:\WINDOWS\System32\WindowsPowerShell\v1.0\;C:\WINDOWS\System32\OpenSSH\;C:\Program Files\dotnet\;C:\Program Files\Git\cmd;C:\dev\flutter\bin;C:\dev\Git LFS;C:\dev\bin;C:\Program Files\CMake\bin;C:\Program Files\LLVM\bin;C:\Program Files\Java\jdk1.8.0_211\bin;C:\Program Files\nodejs\;C:\dev\Git\cmd;C:\Program Files\GitHub CLI\;C:\Users\nicol\.cargo\bin;C:\Users\nicol\AppData\Local\Programs\Python\Python311\Scripts\;C:\Users\nicol\AppData\Local\Programs\Python\Python311\;C:\Users\nicol\AppData\Local\Microsoft\WindowsApps;C:\Users\nicol\AppData\Local\Programs\Microsoft VS Code\bin;C:\MinGW\bin;C:\ghcup\bin;C:\Users\nicol\AppData\Local\Programs\MiKTeX\miktex\bin\x64\;C:\tools\neovim\nvim-win64\bin;C:\Users\nicol\AppData\Roaming\npm;C:\Users\nicol\AppData\Local\Programs\VSCodium\bin;C:\Users\nicol\scoop\shims
USERNAME=nicol
OS=Windows_NT
PROCESSOR_IDENTIFIER=AMD64 Family 25 Model 80 Stepping 0, AuthenticAMD
TMP=C:\Users\nicol\AppData\Local\Temp
TEMP=C:\Users\nicol\AppData\Local\Temp



---------------  S Y S T E M  ---------------

OS:
 Windows 11 , 64 bit Build 22621 (10.0.22621.2215)
OS uptime: 6 days 8:12 hours
Hyper-V role detected

CPU: total 16 (initial active 16) (16 cores per cpu, 2 threads per core) family 25 model 80 stepping 0 microcode 0x0, cx8, cmov, fxsr, ht, mmx, 3dnowpref, sse, sse2, sse3, ssse3, sse4a, sse4.1, sse4.2, popcnt, lzcnt, tsc, tscinvbit, avx, avx2, aes, erms, clmul, bmi1, bmi2, adx, sha, fma, vzeroupper, clflush, clflushopt, hv

Memory: 4k page, system-wide physical 15720M (3651M free)
TotalPageFile size 18581M (AvailPageFile size 4M)
current process WorkingSet (physical memory assigned to process): 195M, peak: 195M
current process commit charge ("private bytes"): 297M, peak: 302M

vm_info: OpenJDK 64-Bit Server VM (17.0.7+7) for windows-amd64 JRE (17.0.7+7), built on Apr 18 2023 22:10:42 by "temurin" with MS VC++ 16.7 (VS2019)

END.
