#
# There is insufficient memory for the Java Runtime Environment to continue.
# Native memory allocation (malloc) failed to allocate 32744 bytes for ChunkPool::allocate
# Possible reasons:
#   The system is out of physical RAM or swap space
#   The process is running with CompressedOops enabled, and the Java Heap may be blocking the growth of the native heap
# Possible solutions:
#   Reduce memory load on the system
#   Increase physical memory or swap space
#   Check if swap backing store is full
#   Decrease Java heap size (-Xmx/-Xms)
#   Decrease number of Java threads
#   Decrease Java thread stack sizes (-Xss)
#   Set larger code cache with -XX:ReservedCodeCacheSize=
#   JVM is running with Unscaled Compressed Oops mode in which the Java heap is
#     placed in the first 4GB address space. The Java Heap base address is the
#     maximum limit for the native heap growth. Please use -XX:HeapBaseMinAddress
#     to set the Java Heap base and to place the Java Heap above 4GB virtual address.
# This output file may be truncated or incomplete.
#
#  Out of Memory Error (arena.cpp:78), pid=11628, tid=10940
#
# JRE version: OpenJDK Runtime Environment Temurin-17.0.7+7 (17.0.7+7) (build 17.0.7+7)
# Java VM: OpenJDK 64-Bit Server VM Temurin-17.0.7+7 (17.0.7+7, mixed mode, tiered, compressed oops, compressed class ptrs, parallel gc, windows-amd64)
# No core dump will be written. Minidumps are not enabled by default on client versions of Windows
#

---------------  S U M M A R Y ------------

Command Line: --add-modules=ALL-SYSTEM --add-opens=java.base/java.util=ALL-UNNAMED --add-opens=java.base/java.lang=ALL-UNNAMED --add-opens=java.base/sun.nio.fs=ALL-UNNAMED -Declipse.application=org.eclipse.jdt.ls.core.id1 -Dosgi.bundles.defaultStartLevel=4 -Declipse.product=org.eclipse.jdt.ls.core.product -Djava.import.generatesMetadataFilesAtProjectRoot=false -Dfile.encoding=utf8 -XX:+UseParallelGC -XX:GCTimeRatio=4 -XX:AdaptiveSizePolicyWeight=90 -Dsun.zip.disableMemoryMapping=true -Xmx1G -Xms100m -Xlog:disable -javaagent:c:\Users\nicol\.vscode-oss\extensions\redhat.java-1.21.0-win32-x64\lombok\lombok-1.18.28.jar -XX:+HeapDumpOnOutOfMemoryError -XX:HeapDumpPath=c:\Users\nicol\AppData\Roaming\VSCodium\User\workspaceStorage\c5f7e5e40e98474a4542d66f255a5a0e\redhat.java -Daether.dependencyCollector.impl=bf c:\Users\nicol\.vscode-oss\extensions\redhat.java-1.21.0-win32-x64\server\plugins\org.eclipse.equinox.launcher_1.6.500.v20230717-2134.jar -configuration c:\Users\nicol\AppData\Roaming\VSCodium\User\globalStorage\redhat.java\1.21.0\config_win -data c:\Users\nicol\AppData\Roaming\VSCodium\User\workspaceStorage\c5f7e5e40e98474a4542d66f255a5a0e\redhat.java\jdt_ws

Host: AMD Ryzen 7 5825U with Radeon Graphics         , 16 cores, 15G,  Windows 11 , 64 bit Build 22621 (10.0.22621.2215)
Time: Thu Sep  7 08:29:26 2023 Eastern Daylight Time elapsed time: 7.068561 seconds (0d 0h 0m 7s)

---------------  T H R E A D  ---------------

Current thread (0x0000026d34016110):  JavaThread "C2 CompilerThread0" daemon [_thread_in_native, id=10940, stack(0x000000f50ad00000,0x000000f50ae00000)]


Current CompileTask:
C2:   7068 2946       4       org.objectweb.asm.MethodWriter::<init> (232 bytes)

Stack: [0x000000f50ad00000,0x000000f50ae00000]
Native frames: (J=compiled Java code, j=interpreted, Vv=VM code, C=native code)
V  [jvm.dll+0x67754a]
V  [jvm.dll+0x834304]
V  [jvm.dll+0x835aae]
V  [jvm.dll+0x836113]
V  [jvm.dll+0x24696f]
V  [jvm.dll+0xac2cc]
V  [jvm.dll+0xac67c]
V  [jvm.dll+0x655d6f]
V  [jvm.dll+0x7a47c]
V  [jvm.dll+0x68beba]
V  [jvm.dll+0x68f830]
V  [jvm.dll+0x68794b]
V  [jvm.dll+0x686f87]
V  [jvm.dll+0x684e82]
V  [jvm.dll+0x1a7fdc]
V  [jvm.dll+0x1a8ba6]
V  [jvm.dll+0x2ace54]
V  [jvm.dll+0x68f857]
V  [jvm.dll+0x68794b]
V  [jvm.dll+0x686f87]
V  [jvm.dll+0x684e82]
V  [jvm.dll+0x1a7fdc]
V  [jvm.dll+0x1a8ba6]
V  [jvm.dll+0x2ace54]
V  [jvm.dll+0x68f857]
V  [jvm.dll+0x68794b]
V  [jvm.dll+0x686f87]
V  [jvm.dll+0x684e82]
V  [jvm.dll+0x1a7fdc]
V  [jvm.dll+0x2ace54]
V  [jvm.dll+0x68f857]
V  [jvm.dll+0x68794b]
V  [jvm.dll+0x686f87]
V  [jvm.dll+0x684e82]
V  [jvm.dll+0x1a7fdc]
V  [jvm.dll+0x218628]
V  [jvm.dll+0x1a4d8d]
V  [jvm.dll+0x2284da]
V  [jvm.dll+0x226615]
V  [jvm.dll+0x7ea90b]
V  [jvm.dll+0x7e4e7a]
V  [jvm.dll+0x676395]
C  [ucrtbase.dll+0x29363]
C  [KERNEL32.DLL+0x1257d]
C  [ntdll.dll+0x5aa68]


---------------  P R O C E S S  ---------------

Threads class SMR info:
_java_thread_list=0x0000026d3671b690, length=24, elements={
0x0000026d1ada0140, 0x0000026d33fdb030, 0x0000026d33fdc090, 0x0000026d34009340,
0x0000026d34009d00, 0x0000026d3400cf10, 0x0000026d3400e010, 0x0000026d34016110,
0x0000026d34017260, 0x0000026d34017b60, 0x0000026d34117a60, 0x0000026d34146a80,
0x0000026d35ead510, 0x0000026d35f170d0, 0x0000026d368274f0, 0x0000026d3693e810,
0x0000026d36a3c400, 0x0000026d36a3b020, 0x0000026d36c43c80, 0x0000026d36b0c100,
0x0000026d36c53e10, 0x0000026d36c50df0, 0x0000026d36d888e0, 0x0000026d36eb1840
}

Java Threads: ( => current thread )
  0x0000026d1ada0140 JavaThread "main" [_thread_blocked, id=24620, stack(0x000000f50a400000,0x000000f50a500000)]
  0x0000026d33fdb030 JavaThread "Reference Handler" daemon [_thread_blocked, id=9100, stack(0x000000f50a700000,0x000000f50a800000)]
  0x0000026d33fdc090 JavaThread "Finalizer" daemon [_thread_blocked, id=19184, stack(0x000000f50a800000,0x000000f50a900000)]
  0x0000026d34009340 JavaThread "Signal Dispatcher" daemon [_thread_blocked, id=13648, stack(0x000000f50a900000,0x000000f50aa00000)]
  0x0000026d34009d00 JavaThread "Attach Listener" daemon [_thread_blocked, id=4756, stack(0x000000f50aa00000,0x000000f50ab00000)]
  0x0000026d3400cf10 JavaThread "Service Thread" daemon [_thread_blocked, id=17140, stack(0x000000f50ab00000,0x000000f50ac00000)]
  0x0000026d3400e010 JavaThread "Monitor Deflation Thread" daemon [_thread_blocked, id=20016, stack(0x000000f50ac00000,0x000000f50ad00000)]
=>0x0000026d34016110 JavaThread "C2 CompilerThread0" daemon [_thread_in_native, id=10940, stack(0x000000f50ad00000,0x000000f50ae00000)]
  0x0000026d34017260 JavaThread "C1 CompilerThread0" daemon [_thread_blocked, id=23448, stack(0x000000f50ae00000,0x000000f50af00000)]
  0x0000026d34017b60 JavaThread "Sweeper thread" daemon [_thread_blocked, id=20680, stack(0x000000f50af00000,0x000000f50b000000)]
  0x0000026d34117a60 JavaThread "Common-Cleaner" daemon [_thread_blocked, id=19792, stack(0x000000f50b000000,0x000000f50b100000)]
  0x0000026d34146a80 JavaThread "C1 CompilerThread1" daemon [_thread_blocked, id=22040, stack(0x000000f50b100000,0x000000f50b200000)]
  0x0000026d35ead510 JavaThread "C1 CompilerThread2" daemon [_thread_blocked, id=18860, stack(0x000000f50b300000,0x000000f50b400000)]
  0x0000026d35f170d0 JavaThread "Notification Thread" daemon [_thread_blocked, id=32080, stack(0x000000f50b500000,0x000000f50b600000)]
  0x0000026d368274f0 JavaThread "Active Thread: Equinox Container: 383de89b-8522-4943-9538-428b888b3890" [_thread_blocked, id=31012, stack(0x000000f50bf00000,0x000000f50c000000)]
  0x0000026d3693e810 JavaThread "Framework Event Dispatcher: Equinox Container: 383de89b-8522-4943-9538-428b888b3890" daemon [_thread_blocked, id=23536, stack(0x000000f50b400000,0x000000f50b500000)]
  0x0000026d36a3c400 JavaThread "Start Level: Equinox Container: 383de89b-8522-4943-9538-428b888b3890" daemon [_thread_in_vm, id=22640, stack(0x000000f50b700000,0x000000f50b800000)]
  0x0000026d36a3b020 JavaThread "SCR Component Actor" daemon [_thread_blocked, id=7424, stack(0x000000f50b800000,0x000000f50b900000)]
  0x0000026d36c43c80 JavaThread "SCR Component Registry" daemon [_thread_blocked, id=20052, stack(0x000000f50c100000,0x000000f50c200000)]
  0x0000026d36b0c100 JavaThread "Worker-JM" [_thread_blocked, id=31592, stack(0x000000f50b200000,0x000000f50b300000)]
  0x0000026d36c53e10 JavaThread "Worker-0" [_thread_blocked, id=400, stack(0x000000f50c400000,0x000000f50c500000)]
  0x0000026d36c50df0 JavaThread "Worker-1" [_thread_blocked, id=6792, stack(0x000000f50c600000,0x000000f50c700000)]
  0x0000026d36d888e0 JavaThread "C2 CompilerThread1" daemon [_thread_in_native, id=24708, stack(0x000000f50c700000,0x000000f50c800000)]
  0x0000026d36eb1840 JavaThread "C2 CompilerThread2" daemon [_thread_in_native, id=22092, stack(0x000000f50ca00000,0x000000f50cb00000)]

Other Threads:
  0x0000026d1ae567a0 VMThread "VM Thread" [stack: 0x000000f50a600000,0x000000f50a700000] [id=25264]
  0x0000026d35eba0c0 WatcherThread [stack: 0x000000f50b600000,0x000000f50b700000] [id=20508]
  0x0000026d1adb4bb0 GCTaskThread "GC Thread#0" [stack: 0x000000f50a500000,0x000000f50a600000] [id=25944]
  0x0000026d364daa50 GCTaskThread "GC Thread#1" [stack: 0x000000f50ba00000,0x000000f50bb00000] [id=13212]
  0x0000026d36448f80 GCTaskThread "GC Thread#2" [stack: 0x000000f50bb00000,0x000000f50bc00000] [id=14928]
  0x0000026d36449230 GCTaskThread "GC Thread#3" [stack: 0x000000f50bc00000,0x000000f50bd00000] [id=12520]
  0x0000026d364494e0 GCTaskThread "GC Thread#4" [stack: 0x000000f50bd00000,0x000000f50be00000] [id=7268]
  0x0000026d36480340 GCTaskThread "GC Thread#5" [stack: 0x000000f50be00000,0x000000f50bf00000] [id=29880]
  0x0000026d369524b0 GCTaskThread "GC Thread#6" [stack: 0x000000f50b900000,0x000000f50ba00000] [id=14148]
  0x0000026d36951740 GCTaskThread "GC Thread#7" [stack: 0x000000f50c000000,0x000000f50c100000] [id=11076]
  0x0000026d36951ca0 GCTaskThread "GC Thread#8" [stack: 0x000000f50c200000,0x000000f50c300000] [id=21088]
  0x0000026d36952cc0 GCTaskThread "GC Thread#9" [stack: 0x000000f50c300000,0x000000f50c400000] [id=31168]
  0x0000026d36952760 GCTaskThread "GC Thread#10" [stack: 0x000000f50c500000,0x000000f50c600000] [id=7852]
  0x0000026d36952f70 GCTaskThread "GC Thread#11" [stack: 0x000000f50c800000,0x000000f50c900000] [id=6152]
  0x0000026d369519f0 GCTaskThread "GC Thread#12" [stack: 0x000000f50c900000,0x000000f50ca00000] [id=24408]

Threads with active compile tasks:
C2 CompilerThread0     7107 2946       4       org.objectweb.asm.MethodWriter::<init> (232 bytes)
C2 CompilerThread1     7107 2936       4       org.objectweb.asm.ClassReader::readMethod (1066 bytes)
C2 CompilerThread2     7107 2944       4       lombok.patcher.PatchScript$MethodPatcher::visitMethod (158 bytes)

VM state: not at safepoint (normal execution)

VM Mutex/Monitor currently owned by a thread:  ([mutex/lock_event])
[0x0000026d1ad99a60] Metaspace_lock - owner thread: 0x0000026d36a3c400

Heap address: 0x00000000c0000000, size: 1024 MB, Compressed Oops mode: 32-bit

CDS archive(s) not mapped
Compressed class space mapped at: 0x0000000100000000-0x0000000140000000, reserved size: 1073741824
Narrow klass base: 0x0000000000000000, Narrow klass shift: 3, Narrow klass range: 0x140000000

GC Precious Log:
 CPUs: 16 total, 16 available
 Memory: 15720M
 Large Page Support: Disabled
 NUMA Support: Disabled
 Compressed Oops: Enabled (32-bit)
 Alignments: Space 512K, Generation 512K, Heap 2M
 Heap Min Capacity: 100M
 Heap Initial Capacity: 100M
 Heap Max Capacity: 1G
 Pre-touch: Disabled
 Parallel Workers: 13

Heap:
 PSYoungGen      total 28160K, used 11151K [0x00000000eab00000, 0x00000000eca80000, 0x0000000100000000)
  eden space 24576K, 32% used [0x00000000eab00000,0x00000000eb2bef20,0x00000000ec300000)
  from space 3584K, 89% used [0x00000000ec700000,0x00000000eca24ff0,0x00000000eca80000)
  to   space 3584K, 0% used [0x00000000ec380000,0x00000000ec380000,0x00000000ec700000)
 ParOldGen       total 68608K, used 7340K [0x00000000c0000000, 0x00000000c4300000, 0x00000000eab00000)
  object space 68608K, 10% used [0x00000000c0000000,0x00000000c072b0e0,0x00000000c4300000)
 Metaspace       used 29178K, committed 29760K, reserved 1114112K
  class space    used 2890K, committed 3200K, reserved 1048576K

Card table byte_map: [0x0000026d1a740000,0x0000026d1a950000] _byte_map_base: 0x0000026d1a140000

Marking Bits: (ParMarkBitMap*) 0x00007ffb8b3c52c0
 Begin Bits: [0x0000026d2ca20000, 0x0000026d2da20000)
 End Bits:   [0x0000026d2da20000, 0x0000026d2ea20000)

Polling page: 0x0000026d18cd0000

Metaspace:

Usage:
  Non-class:     25.67 MB used.
      Class:      2.82 MB used.
       Both:     28.49 MB used.

Virtual space:
  Non-class space:       64.00 MB reserved,      25.94 MB ( 41%) committed,  1 nodes.
      Class space:        1.00 GB reserved,       3.12 MB ( <1%) committed,  1 nodes.
             Both:        1.06 GB reserved,      29.06 MB (  3%) committed. 

Chunk freelists:
   Non-Class:  5.48 MB
       Class:  12.92 MB
        Both:  18.41 MB

MaxMetaspaceSize: unlimited
CompressedClassSpaceSize: 1.00 GB
Initial GC threshold: 21.00 MB
Current GC threshold: 35.00 MB
CDS: off
MetaspaceReclaimPolicy: balanced
 - commit_granule_bytes: 65536.
 - commit_granule_words: 8192.
 - virtual_space_node_default_size: 8388608.
 - enlarge_chunks_in_place: 1.
 - new_chunks_are_fully_committed: 0.
 - uncommit_free_chunks: 1.
 - use_allocation_guard: 0.
 - handle_deallocations: 1.


Internal statistics:

num_allocs_failed_limit: 3.
num_arena_births: 304.
num_arena_deaths: 14.
num_vsnodes_births: 2.
num_vsnodes_deaths: 0.
num_space_committed: 465.
num_space_uncommitted: 0.
num_chunks_returned_to_freelist: 17.
num_chunks_taken_from_freelist: 1125.
num_chunk_merges: 7.
num_chunk_splits: 741.
num_chunks_enlarged: 499.
num_inconsistent_stats: 0.

CodeHeap 'non-profiled nmethods': size=119168Kb used=1125Kb max_used=1125Kb free=118042Kb
 bounds [0x0000026d255c0000, 0x0000026d25830000, 0x0000026d2ca20000]
CodeHeap 'profiled nmethods': size=119104Kb used=5983Kb max_used=5983Kb free=113120Kb
 bounds [0x0000026d1da20000, 0x0000026d1e000000, 0x0000026d24e70000]
CodeHeap 'non-nmethods': size=7488Kb used=2372Kb max_used=2877Kb free=5115Kb
 bounds [0x0000026d24e70000, 0x0000026d25150000, 0x0000026d255c0000]
 total_blobs=3508 nmethods=2945 adapters=475
 compilation: enabled
              stopped_count=0, restarted_count=0
 full_count=0

Compilation events (20 events):
Event: 7.049 Thread 0x0000026d34017260 2941 %     3       org.objectweb.asm.ClassReader::<init> @ 110 (371 bytes)
Event: 7.050 Thread 0x0000026d36eb1840 nmethod 2937 0x0000026d256d7310 code [0x0000026d256d7480, 0x0000026d256d7538]
Event: 7.050 Thread 0x0000026d36eb1840 2940       4       org.objectweb.asm.ByteVector::putByteArray (49 bytes)
Event: 7.050 Thread 0x0000026d34146a80 2942       3       org.objectweb.asm.SymbolTable::hash (14 bytes)
Event: 7.050 Thread 0x0000026d34016110 nmethod 2933 0x0000026d256d7610 code [0x0000026d256d77a0, 0x0000026d256d7bf8]
Event: 7.050 Thread 0x0000026d34146a80 nmethod 2942 0x0000026d1dff0d10 code [0x0000026d1dff0ea0, 0x0000026d1dff0f98]
Event: 7.050 Thread 0x0000026d35ead510 2943 %     3       org.objectweb.asm.SymbolTable::<init> @ 98 (536 bytes)
Event: 7.051 Thread 0x0000026d34017260 nmethod 2941% 0x0000026d1dff1010 code [0x0000026d1dff1300, 0x0000026d1dff2658]
Event: 7.051 Thread 0x0000026d36eb1840 nmethod 2940 0x0000026d256d7f10 code [0x0000026d256d8080, 0x0000026d256d81d8]
Event: 7.052 Thread 0x0000026d36eb1840 2944       4       lombok.patcher.PatchScript$MethodPatcher::visitMethod (158 bytes)
Event: 7.052 Thread 0x0000026d34016110 2945       4       lombok.patcher.MethodTarget::matches (29 bytes)
Event: 7.053 Thread 0x0000026d35ead510 nmethod 2943% 0x0000026d1dff2c10 code [0x0000026d1dff31c0, 0x0000026d1dff5dc8]
Event: 7.054 Thread 0x0000026d34016110 nmethod 2945 0x0000026d256d8310 code [0x0000026d256d84a0, 0x0000026d256d86d8]
Event: 7.054 Thread 0x0000026d34016110 2949       4       org.objectweb.asm.Type::getArgumentsAndReturnSizes (140 bytes)
Event: 7.059 Thread 0x0000026d35ead510 2952       3       java.lang.Package::<init> (47 bytes)
Event: 7.059 Thread 0x0000026d34146a80 2953       3       java.lang.Package$VersionInfo::getInstance (53 bytes)
Event: 7.060 Thread 0x0000026d34146a80 nmethod 2953 0x0000026d1dff6f90 code [0x0000026d1dff7140, 0x0000026d1dff7508]
Event: 7.060 Thread 0x0000026d35ead510 nmethod 2952 0x0000026d1dff7610 code [0x0000026d1dff77e0, 0x0000026d1dff7c08]
Event: 7.062 Thread 0x0000026d34016110 nmethod 2949 0x0000026d256d8890 code [0x0000026d256d8a80, 0x0000026d256d9150]
Event: 7.062 Thread 0x0000026d34016110 2946       4       org.objectweb.asm.MethodWriter::<init> (232 bytes)

GC Heap History (14 events):
Event: 0.532 GC heap before
{Heap before GC invocations=1 (full 0):
 PSYoungGen      total 29696K, used 25600K [0x00000000eab00000, 0x00000000ecc00000, 0x0000000100000000)
  eden space 25600K, 100% used [0x00000000eab00000,0x00000000ec400000,0x00000000ec400000)
  from space 4096K, 0% used [0x00000000ec800000,0x00000000ec800000,0x00000000ecc00000)
  to   space 4096K, 0% used [0x00000000ec400000,0x00000000ec400000,0x00000000ec800000)
 ParOldGen       total 68608K, used 0K [0x00000000c0000000, 0x00000000c4300000, 0x00000000eab00000)
  object space 68608K, 0% used [0x00000000c0000000,0x00000000c0000000,0x00000000c4300000)
 Metaspace       used 10766K, committed 10816K, reserved 1114112K
  class space    used 1068K, committed 1088K, reserved 1048576K
}
Event: 0.535 GC heap after
{Heap after GC invocations=1 (full 0):
 PSYoungGen      total 29696K, used 3049K [0x00000000eab00000, 0x00000000ecc00000, 0x0000000100000000)
  eden space 25600K, 0% used [0x00000000eab00000,0x00000000eab00000,0x00000000ec400000)
  from space 4096K, 74% used [0x00000000ec400000,0x00000000ec6fa490,0x00000000ec800000)
  to   space 4096K, 0% used [0x00000000ec800000,0x00000000ec800000,0x00000000ecc00000)
 ParOldGen       total 68608K, used 16K [0x00000000c0000000, 0x00000000c4300000, 0x00000000eab00000)
  object space 68608K, 0% used [0x00000000c0000000,0x00000000c0004000,0x00000000c4300000)
 Metaspace       used 10766K, committed 10816K, reserved 1114112K
  class space    used 1068K, committed 1088K, reserved 1048576K
}
Event: 3.983 GC heap before
{Heap before GC invocations=2 (full 0):
 PSYoungGen      total 29696K, used 28649K [0x00000000eab00000, 0x00000000ecc00000, 0x0000000100000000)
  eden space 25600K, 100% used [0x00000000eab00000,0x00000000ec400000,0x00000000ec400000)
  from space 4096K, 74% used [0x00000000ec400000,0x00000000ec6fa490,0x00000000ec800000)
  to   space 4096K, 0% used [0x00000000ec800000,0x00000000ec800000,0x00000000ecc00000)
 ParOldGen       total 68608K, used 16K [0x00000000c0000000, 0x00000000c4300000, 0x00000000eab00000)
  object space 68608K, 0% used [0x00000000c0000000,0x00000000c0004000,0x00000000c4300000)
 Metaspace       used 14539K, committed 14720K, reserved 1114112K
  class space    used 1462K, committed 1536K, reserved 1048576K
}
Event: 3.989 GC heap after
{Heap after GC invocations=2 (full 0):
 PSYoungGen      total 29696K, used 4095K [0x00000000eab00000, 0x00000000ecc00000, 0x0000000100000000)
  eden space 25600K, 0% used [0x00000000eab00000,0x00000000eab00000,0x00000000ec400000)
  from space 4096K, 99% used [0x00000000ec800000,0x00000000ecbffcd0,0x00000000ecc00000)
  to   space 4096K, 0% used [0x00000000ec400000,0x00000000ec400000,0x00000000ec800000)
 ParOldGen       total 68608K, used 1078K [0x00000000c0000000, 0x00000000c4300000, 0x00000000eab00000)
  object space 68608K, 1% used [0x00000000c0000000,0x00000000c010d830,0x00000000c4300000)
 Metaspace       used 14539K, committed 14720K, reserved 1114112K
  class space    used 1462K, committed 1536K, reserved 1048576K
}
Event: 4.436 GC heap before
{Heap before GC invocations=3 (full 0):
 PSYoungGen      total 29696K, used 29695K [0x00000000eab00000, 0x00000000ecc00000, 0x0000000100000000)
  eden space 25600K, 100% used [0x00000000eab00000,0x00000000ec400000,0x00000000ec400000)
  from space 4096K, 99% used [0x00000000ec800000,0x00000000ecbffcd0,0x00000000ecc00000)
  to   space 4096K, 0% used [0x00000000ec400000,0x00000000ec400000,0x00000000ec800000)
 ParOldGen       total 68608K, used 1078K [0x00000000c0000000, 0x00000000c4300000, 0x00000000eab00000)
  object space 68608K, 1% used [0x00000000c0000000,0x00000000c010d830,0x00000000c4300000)
 Metaspace       used 19601K, committed 19904K, reserved 1114112K
  class space    used 1991K, committed 2112K, reserved 1048576K
}
Event: 4.439 GC heap after
{Heap after GC invocations=3 (full 0):
 PSYoungGen      total 29696K, used 4080K [0x00000000eab00000, 0x00000000ecc00000, 0x0000000100000000)
  eden space 25600K, 0% used [0x00000000eab00000,0x00000000eab00000,0x00000000ec400000)
  from space 4096K, 99% used [0x00000000ec400000,0x00000000ec7fc130,0x00000000ec800000)
  to   space 4096K, 0% used [0x00000000ec800000,0x00000000ec800000,0x00000000ecc00000)
 ParOldGen       total 68608K, used 3125K [0x00000000c0000000, 0x00000000c4300000, 0x00000000eab00000)
  object space 68608K, 4% used [0x00000000c0000000,0x00000000c030d730,0x00000000c4300000)
 Metaspace       used 19601K, committed 19904K, reserved 1114112K
  class space    used 1991K, committed 2112K, reserved 1048576K
}
Event: 4.584 GC heap before
{Heap before GC invocations=4 (full 0):
 PSYoungGen      total 29696K, used 12424K [0x00000000eab00000, 0x00000000ecc00000, 0x0000000100000000)
  eden space 25600K, 32% used [0x00000000eab00000,0x00000000eb3260d0,0x00000000ec400000)
  from space 4096K, 99% used [0x00000000ec400000,0x00000000ec7fc130,0x00000000ec800000)
  to   space 4096K, 0% used [0x00000000ec800000,0x00000000ec800000,0x00000000ecc00000)
 ParOldGen       total 68608K, used 3125K [0x00000000c0000000, 0x00000000c4300000, 0x00000000eab00000)
  object space 68608K, 4% used [0x00000000c0000000,0x00000000c030d730,0x00000000c4300000)
 Metaspace       used 21089K, committed 21504K, reserved 1114112K
  class space    used 2146K, committed 2368K, reserved 1048576K
}
Event: 4.586 GC heap after
{Heap after GC invocations=4 (full 0):
 PSYoungGen      total 29696K, used 4070K [0x00000000eab00000, 0x00000000ecc00000, 0x0000000100000000)
  eden space 25600K, 0% used [0x00000000eab00000,0x00000000eab00000,0x00000000ec400000)
  from space 4096K, 99% used [0x00000000ec800000,0x00000000ecbf9990,0x00000000ecc00000)
  to   space 4096K, 0% used [0x00000000ec400000,0x00000000ec400000,0x00000000ec800000)
 ParOldGen       total 68608K, used 3429K [0x00000000c0000000, 0x00000000c4300000, 0x00000000eab00000)
  object space 68608K, 4% used [0x00000000c0000000,0x00000000c0359730,0x00000000c4300000)
 Metaspace       used 21089K, committed 21504K, reserved 1114112K
  class space    used 2146K, committed 2368K, reserved 1048576K
}
Event: 4.586 GC heap before
{Heap before GC invocations=5 (full 1):
 PSYoungGen      total 29696K, used 4070K [0x00000000eab00000, 0x00000000ecc00000, 0x0000000100000000)
  eden space 25600K, 0% used [0x00000000eab00000,0x00000000eab00000,0x00000000ec400000)
  from space 4096K, 99% used [0x00000000ec800000,0x00000000ecbf9990,0x00000000ecc00000)
  to   space 4096K, 0% used [0x00000000ec400000,0x00000000ec400000,0x00000000ec800000)
 ParOldGen       total 68608K, used 3429K [0x00000000c0000000, 0x00000000c4300000, 0x00000000eab00000)
  object space 68608K, 4% used [0x00000000c0000000,0x00000000c0359730,0x00000000c4300000)
 Metaspace       used 21089K, committed 21504K, reserved 1114112K
  class space    used 2146K, committed 2368K, reserved 1048576K
}
Event: 4.602 GC heap after
{Heap after GC invocations=5 (full 1):
 PSYoungGen      total 29696K, used 0K [0x00000000eab00000, 0x00000000ecc00000, 0x0000000100000000)
  eden space 25600K, 0% used [0x00000000eab00000,0x00000000eab00000,0x00000000ec400000)
  from space 4096K, 0% used [0x00000000ec800000,0x00000000ec800000,0x00000000ecc00000)
  to   space 4096K, 0% used [0x00000000ec400000,0x00000000ec400000,0x00000000ec800000)
 ParOldGen       total 68608K, used 7324K [0x00000000c0000000, 0x00000000c4300000, 0x00000000eab00000)
  object space 68608K, 10% used [0x00000000c0000000,0x00000000c07270e0,0x00000000c4300000)
 Metaspace       used 21076K, committed 21504K, reserved 1114112K
  class space    used 2143K, committed 2368K, reserved 1048576K
}
Event: 6.850 GC heap before
{Heap before GC invocations=6 (full 1):
 PSYoungGen      total 29696K, used 25600K [0x00000000eab00000, 0x00000000ecc00000, 0x0000000100000000)
  eden space 25600K, 100% used [0x00000000eab00000,0x00000000ec400000,0x00000000ec400000)
  from space 4096K, 0% used [0x00000000ec800000,0x00000000ec800000,0x00000000ecc00000)
  to   space 4096K, 0% used [0x00000000ec400000,0x00000000ec400000,0x00000000ec800000)
 ParOldGen       total 68608K, used 7324K [0x00000000c0000000, 0x00000000c4300000, 0x00000000eab00000)
  object space 68608K, 10% used [0x00000000c0000000,0x00000000c07270e0,0x00000000c4300000)
 Metaspace       used 24638K, committed 25152K, reserved 1114112K
  class space    used 2552K, committed 2816K, reserved 1048576K
}
Event: 6.851 GC heap after
{Heap after GC invocations=6 (full 1):
 PSYoungGen      total 28160K, used 2880K [0x00000000eab00000, 0x00000000eca80000, 0x0000000100000000)
  eden space 25088K, 0% used [0x00000000eab00000,0x00000000eab00000,0x00000000ec380000)
  from space 3072K, 93% used [0x00000000ec400000,0x00000000ec6d03f8,0x00000000ec700000)
  to   space 3584K, 0% used [0x00000000ec700000,0x00000000ec700000,0x00000000eca80000)
 ParOldGen       total 68608K, used 7332K [0x00000000c0000000, 0x00000000c4300000, 0x00000000eab00000)
  object space 68608K, 10% used [0x00000000c0000000,0x00000000c07290e0,0x00000000c4300000)
 Metaspace       used 24638K, committed 25152K, reserved 1114112K
  class space    used 2552K, committed 2816K, reserved 1048576K
}
Event: 7.011 GC heap before
{Heap before GC invocations=7 (full 1):
 PSYoungGen      total 28160K, used 27968K [0x00000000eab00000, 0x00000000eca80000, 0x0000000100000000)
  eden space 25088K, 100% used [0x00000000eab00000,0x00000000ec380000,0x00000000ec380000)
  from space 3072K, 93% used [0x00000000ec400000,0x00000000ec6d03f8,0x00000000ec700000)
  to   space 3584K, 0% used [0x00000000ec700000,0x00000000ec700000,0x00000000eca80000)
 ParOldGen       total 68608K, used 7332K [0x00000000c0000000, 0x00000000c4300000, 0x00000000eab00000)
  object space 68608K, 10% used [0x00000000c0000000,0x00000000c07290e0,0x00000000c4300000)
 Metaspace       used 28080K, committed 28672K, reserved 1114112K
  class space    used 2796K, committed 3072K, reserved 1048576K
}
Event: 7.012 GC heap after
{Heap after GC invocations=7 (full 1):
 PSYoungGen      total 28160K, used 3219K [0x00000000eab00000, 0x00000000eca80000, 0x0000000100000000)
  eden space 24576K, 0% used [0x00000000eab00000,0x00000000eab00000,0x00000000ec300000)
  from space 3584K, 89% used [0x00000000ec700000,0x00000000eca24ff0,0x00000000eca80000)
  to   space 3584K, 0% used [0x00000000ec380000,0x00000000ec380000,0x00000000ec700000)
 ParOldGen       total 68608K, used 7340K [0x00000000c0000000, 0x00000000c4300000, 0x00000000eab00000)
  object space 68608K, 10% used [0x00000000c0000000,0x00000000c072b0e0,0x00000000c4300000)
 Metaspace       used 28080K, committed 28672K, reserved 1114112K
  class space    used 2796K, committed 3072K, reserved 1048576K
}

Dll operation events (9 events):
Event: 0.008 Loaded shared library c:\Users\nicol\.vscode-oss\extensions\redhat.java-1.21.0-win32-x64\jre\17.0.7-win32-x86_64\bin\java.dll
Event: 0.107 Loaded shared library c:\Users\nicol\.vscode-oss\extensions\redhat.java-1.21.0-win32-x64\jre\17.0.7-win32-x86_64\bin\zip.dll
Event: 0.109 Loaded shared library C:\Users\nicol\.vscode-oss\extensions\redhat.java-1.21.0-win32-x64\jre\17.0.7-win32-x86_64\bin\instrument.dll
Event: 0.118 Loaded shared library C:\Users\nicol\.vscode-oss\extensions\redhat.java-1.21.0-win32-x64\jre\17.0.7-win32-x86_64\bin\net.dll
Event: 0.120 Loaded shared library C:\Users\nicol\.vscode-oss\extensions\redhat.java-1.21.0-win32-x64\jre\17.0.7-win32-x86_64\bin\nio.dll
Event: 0.125 Loaded shared library C:\Users\nicol\.vscode-oss\extensions\redhat.java-1.21.0-win32-x64\jre\17.0.7-win32-x86_64\bin\zip.dll
Event: 0.135 Loaded shared library C:\Users\nicol\.vscode-oss\extensions\redhat.java-1.21.0-win32-x64\jre\17.0.7-win32-x86_64\bin\jimage.dll
Event: 0.164 Loaded shared library c:\Users\nicol\.vscode-oss\extensions\redhat.java-1.21.0-win32-x64\jre\17.0.7-win32-x86_64\bin\verify.dll
Event: 3.976 Loaded shared library C:\Users\nicol\AppData\Roaming\VSCodium\User\globalStorage\redhat.java\1.21.0\config_win\org.eclipse.equinox.launcher\org.eclipse.equinox.launcher.win32.win32.x86_64_1.2.700.v20221108-1024\eclipse_11801.dll

Deoptimization events (20 events):
Event: 6.610 Thread 0x0000026d36a3c400 DEOPT PACKING pc=0x0000026d1df403d6 sp=0x000000f50b7f0660
Event: 6.610 Thread 0x0000026d36a3c400 DEOPT UNPACKING pc=0x0000026d24ec6e43 sp=0x000000f50b7efae8 mode 0
Event: 6.610 Thread 0x0000026d36a3c400 DEOPT PACKING pc=0x0000026d1df403d6 sp=0x000000f50b7f06e0
Event: 6.610 Thread 0x0000026d36a3c400 DEOPT UNPACKING pc=0x0000026d24ec6e43 sp=0x000000f50b7efb68 mode 0
Event: 6.610 Thread 0x0000026d36a3c400 DEOPT PACKING pc=0x0000026d1df403d6 sp=0x000000f50b7f06e0
Event: 6.610 Thread 0x0000026d36a3c400 DEOPT UNPACKING pc=0x0000026d24ec6e43 sp=0x000000f50b7efb68 mode 0
Event: 6.727 Thread 0x0000026d36a3c400 DEOPT PACKING pc=0x0000026d1dae6f0c sp=0x000000f50b7f1430
Event: 6.727 Thread 0x0000026d36a3c400 DEOPT UNPACKING pc=0x0000026d24ec6e43 sp=0x000000f50b7f08b0 mode 0
Event: 6.727 Thread 0x0000026d36a3c400 DEOPT PACKING pc=0x0000026d1db80238 sp=0x000000f50b7f1590
Event: 6.727 Thread 0x0000026d36a3c400 DEOPT UNPACKING pc=0x0000026d24ec6e43 sp=0x000000f50b7f0a10 mode 0
Event: 6.727 Thread 0x0000026d36a3c400 DEOPT PACKING pc=0x0000026d1db80238 sp=0x000000f50b7f1880
Event: 6.727 Thread 0x0000026d36a3c400 DEOPT UNPACKING pc=0x0000026d24ec6e43 sp=0x000000f50b7f0d00 mode 0
Event: 6.729 Thread 0x0000026d36a3c400 DEOPT PACKING pc=0x0000026d1db1161e sp=0x000000f50b7f2450
Event: 6.729 Thread 0x0000026d36a3c400 DEOPT UNPACKING pc=0x0000026d24ec6e43 sp=0x000000f50b7f1948 mode 0
Event: 6.730 Thread 0x0000026d36a3c400 DEOPT PACKING pc=0x0000026d1db1161e sp=0x000000f50b7f2450
Event: 6.730 Thread 0x0000026d36a3c400 DEOPT UNPACKING pc=0x0000026d24ec6e43 sp=0x000000f50b7f1948 mode 0
Event: 6.778 Thread 0x0000026d36a3c400 Uncommon trap: trap_request=0xffffff45 fr.pc=0x0000026d256ba32c relative=0x0000000000000dac
Event: 6.778 Thread 0x0000026d36a3c400 Uncommon trap: reason=unstable_if action=reinterpret pc=0x0000026d256ba32c method=java.util.Properties$LineReader.readLine()I @ 256 c2
Event: 6.778 Thread 0x0000026d36a3c400 DEOPT PACKING pc=0x0000026d256ba32c sp=0x000000f50b7f33d0
Event: 6.778 Thread 0x0000026d36a3c400 DEOPT UNPACKING pc=0x0000026d24ec66a3 sp=0x000000f50b7f3368 mode 2

Classes unloaded (7 events):
Event: 4.588 Thread 0x0000026d1ae567a0 Unloading class 0x000000010021c000 'java/lang/invoke/LambdaForm$MH+0x000000010021c000'
Event: 4.588 Thread 0x0000026d1ae567a0 Unloading class 0x000000010021bc00 'java/lang/invoke/LambdaForm$MH+0x000000010021bc00'
Event: 4.588 Thread 0x0000026d1ae567a0 Unloading class 0x000000010021b800 'java/lang/invoke/LambdaForm$MH+0x000000010021b800'
Event: 4.588 Thread 0x0000026d1ae567a0 Unloading class 0x000000010021b400 'java/lang/invoke/LambdaForm$MH+0x000000010021b400'
Event: 4.588 Thread 0x0000026d1ae567a0 Unloading class 0x000000010021b000 'java/lang/invoke/LambdaForm$BMH+0x000000010021b000'
Event: 4.588 Thread 0x0000026d1ae567a0 Unloading class 0x000000010021ac00 'java/lang/invoke/LambdaForm$DMH+0x000000010021ac00'
Event: 4.588 Thread 0x0000026d1ae567a0 Unloading class 0x0000000100218000 'java/lang/invoke/LambdaForm$DMH+0x0000000100218000'

Classes redefined (0 events):
No events

Internal exceptions (20 events):
Event: 4.406 Thread 0x0000026d36a3c400 Exception <a 'java/lang/NoSuchMethodError'{0x00000000ec2bccd8}: 'int java.lang.invoke.DirectMethodHandle$Holder.invokeSpecial(java.lang.Object, java.lang.Object, java.lang.Object, int)'> (0x00000000ec2bccd8) 
thrown [s\src\hotspot\share\interpreter\linkResolver.cpp, line 759]
Event: 4.407 Thread 0x0000026d36a3c400 Exception <a 'java/lang/NoSuchMethodError'{0x00000000ec2d7b28}: 'java.lang.Object java.lang.invoke.DirectMethodHandle$Holder.invokeStatic(java.lang.Object, java.lang.Object, java.lang.Object, java.lang.Object, int)'> (0x00000000ec2d7b28) 
thrown [s\src\hotspot\share\interpreter\linkResolver.cpp, line 759]
Event: 4.408 Thread 0x0000026d36a3c400 Exception <a 'java/lang/NoSuchMethodError'{0x00000000ec2e3b20}: 'java.lang.Object java.lang.invoke.DelegatingMethodHandle$Holder.reinvoke_L(java.lang.Object, java.lang.Object, java.lang.Object, java.lang.Object, int, int)'> (0x00000000ec2e3b20) 
thrown [s\src\hotspot\share\interpreter\linkResolver.cpp, line 759]
Event: 4.409 Thread 0x0000026d36a3c400 Exception <a 'java/lang/NoSuchMethodError'{0x00000000ec2f85a8}: 'java.lang.Object java.lang.invoke.Invokers$Holder.invokeExact_MT(java.lang.Object, java.lang.Object, java.lang.Object, java.lang.Object)'> (0x00000000ec2f85a8) 
thrown [s\src\hotspot\share\interpreter\linkResolver.cpp, line 759]
Event: 4.497 Thread 0x0000026d36a3c400 Exception <a 'java/lang/NoSuchMethodError'{0x00000000eaeea3c0}: 'java.lang.Object java.lang.invoke.DirectMethodHandle$Holder.newInvokeSpecial(java.lang.Object, java.lang.Object, java.lang.Object, java.lang.Object, java.lang.Object)'> (0x00000000eaeea3c0) 
thrown [s\src\hotspot\share\interpreter\linkResolver.cpp, line 759]
Event: 4.576 Thread 0x0000026d36a3c400 Exception <a 'java/lang/NoSuchMethodError'{0x00000000eb28da08}: 'java.lang.Object java.lang.invoke.DirectMethodHandle$Holder.invokeSpecial(java.lang.Object, java.lang.Object, java.lang.Object, long, java.lang.Object)'> (0x00000000eb28da08) 
thrown [s\src\hotspot\share\interpreter\linkResolver.cpp, line 759]
Event: 4.576 Thread 0x0000026d36a3c400 Exception <a 'java/lang/NoSuchMethodError'{0x00000000eb295bc0}: 'java.lang.Object java.lang.invoke.DirectMethodHandle$Holder.newInvokeSpecial(java.lang.Object, java.lang.Object, java.lang.Object, long)'> (0x00000000eb295bc0) 
thrown [s\src\hotspot\share\interpreter\linkResolver.cpp, line 759]
Event: 4.577 Thread 0x0000026d36a3c400 Exception <a 'java/lang/NoSuchMethodError'{0x00000000eb29a160}: 'java.lang.Object java.lang.invoke.DirectMethodHandle$Holder.invokeSpecial(java.lang.Object, java.lang.Object, java.lang.Object, java.lang.Object, long)'> (0x00000000eb29a160) 
thrown [s\src\hotspot\share\interpreter\linkResolver.cpp, line 759]
Event: 4.577 Thread 0x0000026d36a3c400 Exception <a 'java/lang/NoSuchMethodError'{0x00000000eb29e240}: 'java.lang.Object java.lang.invoke.Invokers$Holder.linkToTargetMethod(java.lang.Object, java.lang.Object, long, java.lang.Object)'> (0x00000000eb29e240) 
thrown [s\src\hotspot\share\interpreter\linkResolver.cpp, line 759]
Event: 4.584 Thread 0x0000026d36a3c400 Exception <a 'java/lang/NoSuchMethodError'{0x00000000eb30ff00}: 'int java.lang.invoke.DirectMethodHandle$Holder.invokeStaticInit(java.lang.Object, java.lang.Object, java.lang.Object)'> (0x00000000eb30ff00) 
thrown [s\src\hotspot\share\interpreter\linkResolver.cpp, line 759]
Event: 4.607 Thread 0x0000026d36a3c400 Exception <a 'java/lang/IncompatibleClassChangeError'{0x00000000eabaea30}: Found class java.lang.Object, but interface was expected> (0x00000000eabaea30) 
thrown [s\src\hotspot\share\interpreter\linkResolver.cpp, line 826]
Event: 4.610 Thread 0x0000026d36a3c400 Exception <a 'java/lang/NoSuchMethodError'{0x00000000eabc0e60}: 'java.lang.Object java.lang.invoke.DirectMethodHandle$Holder.invokeSpecial(java.lang.Object, java.lang.Object, java.lang.Object, int, java.lang.Object, java.lang.Object)'> (0x00000000eabc0e60) 
thrown [s\src\hotspot\share\interpreter\linkResolver.cpp, line 759]
Event: 4.610 Thread 0x0000026d36a3c400 Exception <a 'java/lang/NoSuchMethodError'{0x00000000eabc95e8}: 'java.lang.Object java.lang.invoke.DirectMethodHandle$Holder.newInvokeSpecial(java.lang.Object, java.lang.Object, java.lang.Object, int, java.lang.Object)'> (0x00000000eabc95e8) 
thrown [s\src\hotspot\share\interpreter\linkResolver.cpp, line 759]
Event: 4.611 Thread 0x0000026d36a3c400 Exception <a 'java/lang/NoSuchMethodError'{0x00000000eabcda40}: 'java.lang.Object java.lang.invoke.DirectMethodHandle$Holder.invokeSpecial(java.lang.Object, java.lang.Object, java.lang.Object, java.lang.Object, int, java.lang.Object)'> (0x00000000eabcda40) 
thrown [s\src\hotspot\share\interpreter\linkResolver.cpp, line 759]
Event: 4.611 Thread 0x0000026d36c53e10 Exception <a 'java/lang/NoSuchMethodError'{0x00000000eabfb8b8}: 'java.lang.Object java.lang.invoke.DirectMethodHandle$Holder.invokeSpecial(java.lang.Object, java.lang.Object, int, java.lang.Object, java.lang.Object)'> (0x00000000eabfb8b8) 
thrown [s\src\hotspot\share\interpreter\linkResolver.cpp, line 759]
Event: 4.612 Thread 0x0000026d36c53e10 Exception <a 'java/lang/NoSuchMethodError'{0x00000000eac02f88}: 'java.lang.Object java.lang.invoke.DirectMethodHandle$Holder.newInvokeSpecial(java.lang.Object, java.lang.Object, int, java.lang.Object)'> (0x00000000eac02f88) 
thrown [s\src\hotspot\share\interpreter\linkResolver.cpp, line 759]
Event: 4.612 Thread 0x0000026d36c53e10 Exception <a 'java/lang/NoSuchMethodError'{0x00000000eac06a98}: 'java.lang.Object java.lang.invoke.DirectMethodHandle$Holder.invokeSpecial(java.lang.Object, java.lang.Object, java.lang.Object, int, java.lang.Object)'> (0x00000000eac06a98) 
thrown [s\src\hotspot\share\interpreter\linkResolver.cpp, line 759]
Event: 6.735 Thread 0x0000026d36a3c400 Exception <a 'java/io/FileNotFoundException'{0x00000000eb999960}> (0x00000000eb999960) 
thrown [s\src\hotspot\share\prims\jni.cpp, line 516]
Event: 6.799 Thread 0x0000026d36a3c400 Exception <a 'java/lang/NoSuchMethodError'{0x00000000ebf5c638}: 'void java.lang.invoke.DirectMethodHandle$Holder.invokeSpecial(java.lang.Object, java.lang.Object, java.lang.Object, int)'> (0x00000000ebf5c638) 
thrown [s\src\hotspot\share\interpreter\linkResolver.cpp, line 759]
Event: 6.840 Thread 0x0000026d36c53e10 Exception <a 'java/io/FileNotFoundException'{0x00000000ec259918}> (0x00000000ec259918) 
thrown [s\src\hotspot\share\prims\jni.cpp, line 516]

VM Operations (20 events):
Event: 4.403 Executing VM operation: HandshakeAllThreads
Event: 4.404 Executing VM operation: HandshakeAllThreads done
Event: 4.436 Executing VM operation: ParallelGCFailedAllocation
Event: 4.439 Executing VM operation: ParallelGCFailedAllocation done
Event: 4.584 Executing VM operation: CollectForMetadataAllocation
Event: 4.602 Executing VM operation: CollectForMetadataAllocation done
Event: 4.621 Executing VM operation: HandshakeAllThreads
Event: 4.621 Executing VM operation: HandshakeAllThreads done
Event: 4.706 Executing VM operation: HandshakeAllThreads
Event: 4.706 Executing VM operation: HandshakeAllThreads done
Event: 4.709 Executing VM operation: HandshakeAllThreads
Event: 4.709 Executing VM operation: HandshakeAllThreads done
Event: 5.724 Executing VM operation: Cleanup
Event: 5.724 Executing VM operation: Cleanup done
Event: 6.611 Executing VM operation: HandshakeAllThreads
Event: 6.611 Executing VM operation: HandshakeAllThreads done
Event: 6.850 Executing VM operation: ParallelGCFailedAllocation
Event: 6.851 Executing VM operation: ParallelGCFailedAllocation done
Event: 7.011 Executing VM operation: ParallelGCFailedAllocation
Event: 7.012 Executing VM operation: ParallelGCFailedAllocation done

Events (20 events):
Event: 6.859 loading class java/util/zip/GZIPInputStream done
Event: 6.871 loading class java/io/StringReader
Event: 6.871 loading class java/io/StringReader done
Event: 6.874 loading class java/net/SocketTimeoutException
Event: 6.874 loading class java/io/InterruptedIOException
Event: 6.874 loading class java/io/InterruptedIOException done
Event: 6.875 loading class java/net/SocketTimeoutException done
Event: 6.875 loading class java/net/SocketException
Event: 6.875 loading class java/net/SocketException done
Event: 6.875 loading class java/net/UnknownHostException
Event: 6.875 loading class java/net/UnknownHostException done
Event: 6.875 loading class java/net/ProtocolException
Event: 6.875 loading class java/net/ProtocolException done
Event: 6.883 loading class java/lang/invoke/MethodHandle$1
Event: 6.883 loading class java/lang/invoke/MethodHandle$1 done
Event: 6.887 loading class java/io/FileWriter
Event: 6.888 loading class java/io/FileWriter done
Event: 6.911 Thread 0x0000026d36eb1840 Thread added: 0x0000026d36eb1840
Event: 6.923 loading class java/lang/NegativeArraySizeException
Event: 6.923 loading class java/lang/NegativeArraySizeException done


Dynamic libraries:
0x00007ff7009e0000 - 0x00007ff7009ee000 	c:\Users\nicol\.vscode-oss\extensions\redhat.java-1.21.0-win32-x64\jre\17.0.7-win32-x86_64\bin\java.exe
0x00007ffc07fd0000 - 0x00007ffc081e4000 	C:\WINDOWS\SYSTEM32\ntdll.dll
0x00007ffc07980000 - 0x00007ffc07a44000 	C:\WINDOWS\System32\KERNEL32.DLL
0x00007ffc059b0000 - 0x00007ffc05d54000 	C:\WINDOWS\System32\KERNELBASE.dll
0x00007ffc05560000 - 0x00007ffc05671000 	C:\WINDOWS\System32\ucrtbase.dll
0x00007ffbc11f0000 - 0x00007ffbc1207000 	c:\Users\nicol\.vscode-oss\extensions\redhat.java-1.21.0-win32-x64\jre\17.0.7-win32-x86_64\bin\jli.dll
0x00007ffbc3810000 - 0x00007ffbc3829000 	c:\Users\nicol\.vscode-oss\extensions\redhat.java-1.21.0-win32-x64\jre\17.0.7-win32-x86_64\bin\VCRUNTIME140.dll
0x00007ffc077d0000 - 0x00007ffc0797e000 	C:\WINDOWS\System32\USER32.dll
0x00007ffbf46b0000 - 0x00007ffbf4943000 	C:\WINDOWS\WinSxS\amd64_microsoft.windows.common-controls_6595b64144ccf1df_6.0.22621.2215_none_270d72677387dfc3\COMCTL32.dll
0x00007ffc05860000 - 0x00007ffc05886000 	C:\WINDOWS\System32\win32u.dll
0x00007ffc05e90000 - 0x00007ffc05eb9000 	C:\WINDOWS\System32\GDI32.dll
0x00007ffc06060000 - 0x00007ffc06107000 	C:\WINDOWS\System32\msvcrt.dll
0x00007ffc05890000 - 0x00007ffc059a8000 	C:\WINDOWS\System32\gdi32full.dll
0x00007ffc05700000 - 0x00007ffc0579a000 	C:\WINDOWS\System32\msvcp_win.dll
0x00007ffc05e10000 - 0x00007ffc05e41000 	C:\WINDOWS\System32\IMM32.DLL
0x00007ffbf35f0000 - 0x00007ffbf35fc000 	c:\Users\nicol\.vscode-oss\extensions\redhat.java-1.21.0-win32-x64\jre\17.0.7-win32-x86_64\bin\vcruntime140_1.dll
0x00007ffbb25a0000 - 0x00007ffbb2631000 	c:\Users\nicol\.vscode-oss\extensions\redhat.java-1.21.0-win32-x64\jre\17.0.7-win32-x86_64\bin\msvcp140.dll
0x00007ffb8a840000 - 0x00007ffb8b488000 	c:\Users\nicol\.vscode-oss\extensions\redhat.java-1.21.0-win32-x64\jre\17.0.7-win32-x86_64\bin\server\jvm.dll
0x00007ffc05d60000 - 0x00007ffc05e10000 	C:\WINDOWS\System32\ADVAPI32.dll
0x00007ffc062f0000 - 0x00007ffc06396000 	C:\WINDOWS\System32\sechost.dll
0x00007ffc07d60000 - 0x00007ffc07e77000 	C:\WINDOWS\System32\RPCRT4.dll
0x00007ffc02df0000 - 0x00007ffc02e24000 	C:\WINDOWS\SYSTEM32\WINMM.dll
0x00007ffbf3820000 - 0x00007ffbf3829000 	C:\WINDOWS\SYSTEM32\WSOCK32.dll
0x00007ffbfe460000 - 0x00007ffbfe46a000 	C:\WINDOWS\SYSTEM32\VERSION.dll
0x00007ffc06200000 - 0x00007ffc06271000 	C:\WINDOWS\System32\WS2_32.dll
0x00007ffc04340000 - 0x00007ffc04358000 	C:\WINDOWS\SYSTEM32\kernel.appcore.dll
0x00007ffbebd40000 - 0x00007ffbebd4a000 	c:\Users\nicol\.vscode-oss\extensions\redhat.java-1.21.0-win32-x64\jre\17.0.7-win32-x86_64\bin\jimage.dll
0x00007ffc02b50000 - 0x00007ffc02d7e000 	C:\WINDOWS\SYSTEM32\DBGHELP.DLL
0x00007ffc06b60000 - 0x00007ffc06eea000 	C:\WINDOWS\System32\combase.dll
0x00007ffc07c80000 - 0x00007ffc07d57000 	C:\WINDOWS\System32\OLEAUT32.dll
0x00007ffc02af0000 - 0x00007ffc02b22000 	C:\WINDOWS\SYSTEM32\dbgcore.DLL
0x00007ffc05680000 - 0x00007ffc056fa000 	C:\WINDOWS\System32\bcryptPrimitives.dll
0x00007ffbdeb80000 - 0x00007ffbdeb8e000 	c:\Users\nicol\.vscode-oss\extensions\redhat.java-1.21.0-win32-x64\jre\17.0.7-win32-x86_64\bin\instrument.dll
0x00007ffbb35e0000 - 0x00007ffbb3605000 	c:\Users\nicol\.vscode-oss\extensions\redhat.java-1.21.0-win32-x64\jre\17.0.7-win32-x86_64\bin\java.dll
0x00007ffbc0f50000 - 0x00007ffbc0f68000 	c:\Users\nicol\.vscode-oss\extensions\redhat.java-1.21.0-win32-x64\jre\17.0.7-win32-x86_64\bin\zip.dll
0x00007ffc06ef0000 - 0x00007ffc07713000 	C:\WINDOWS\System32\SHELL32.dll
0x00007ffc032c0000 - 0x00007ffc03baa000 	C:\WINDOWS\SYSTEM32\windows.storage.dll
0x00007ffc03180000 - 0x00007ffc032be000 	C:\WINDOWS\SYSTEM32\wintypes.dll
0x00007ffc063a0000 - 0x00007ffc06493000 	C:\WINDOWS\System32\SHCORE.dll
0x00007ffc06280000 - 0x00007ffc062de000 	C:\WINDOWS\System32\shlwapi.dll
0x00007ffc052b0000 - 0x00007ffc052d6000 	C:\WINDOWS\SYSTEM32\profapi.dll
0x00007ffbc0b10000 - 0x00007ffbc0b29000 	C:\Users\nicol\.vscode-oss\extensions\redhat.java-1.21.0-win32-x64\jre\17.0.7-win32-x86_64\bin\net.dll
0x00007ffbfb8a0000 - 0x00007ffbfb9d7000 	C:\WINDOWS\SYSTEM32\WINHTTP.dll
0x00007ffc04800000 - 0x00007ffc04869000 	C:\WINDOWS\system32\mswsock.dll
0x00007ffbc0020000 - 0x00007ffbc0035000 	C:\Users\nicol\.vscode-oss\extensions\redhat.java-1.21.0-win32-x64\jre\17.0.7-win32-x86_64\bin\nio.dll
0x00007ffbdea50000 - 0x00007ffbdea60000 	c:\Users\nicol\.vscode-oss\extensions\redhat.java-1.21.0-win32-x64\jre\17.0.7-win32-x86_64\bin\verify.dll
0x00007ffbb1d00000 - 0x00007ffbb1d3e000 	C:\Users\nicol\AppData\Roaming\VSCodium\User\globalStorage\redhat.java\1.21.0\config_win\org.eclipse.equinox.launcher\org.eclipse.equinox.launcher.win32.win32.x86_64_1.2.700.v20221108-1024\eclipse_11801.dll
0x00007ffc05ec0000 - 0x00007ffc0605e000 	C:\WINDOWS\System32\ole32.dll

dbghelp: loaded successfully - version: 4.0.5 - missing functions: none
symbol engine: initialized successfully - sym options: 0x614 - pdb path: .;c:\Users\nicol\.vscode-oss\extensions\redhat.java-1.21.0-win32-x64\jre\17.0.7-win32-x86_64\bin;C:\WINDOWS\SYSTEM32;C:\WINDOWS\WinSxS\amd64_microsoft.windows.common-controls_6595b64144ccf1df_6.0.22621.2215_none_270d72677387dfc3;c:\Users\nicol\.vscode-oss\extensions\redhat.java-1.21.0-win32-x64\jre\17.0.7-win32-x86_64\bin\server;C:\Users\nicol\AppData\Roaming\VSCodium\User\globalStorage\redhat.java\1.21.0\config_win\org.eclipse.equinox.launcher\org.eclipse.equinox.launcher.win32.win32.x86_64_1.2.700.v20221108-1024

VM Arguments:
jvm_args: --add-modules=ALL-SYSTEM --add-opens=java.base/java.util=ALL-UNNAMED --add-opens=java.base/java.lang=ALL-UNNAMED --add-opens=java.base/sun.nio.fs=ALL-UNNAMED -Declipse.application=org.eclipse.jdt.ls.core.id1 -Dosgi.bundles.defaultStartLevel=4 -Declipse.product=org.eclipse.jdt.ls.core.product -Djava.import.generatesMetadataFilesAtProjectRoot=false -Dfile.encoding=utf8 -XX:+UseParallelGC -XX:GCTimeRatio=4 -XX:AdaptiveSizePolicyWeight=90 -Dsun.zip.disableMemoryMapping=true -Xmx1G -Xms100m -Xlog:disable -javaagent:c:\Users\nicol\.vscode-oss\extensions\redhat.java-1.21.0-win32-x64\lombok\lombok-1.18.28.jar -XX:+HeapDumpOnOutOfMemoryError -XX:HeapDumpPath=c:\Users\nicol\AppData\Roaming\VSCodium\User\workspaceStorage\c5f7e5e40e98474a4542d66f255a5a0e\redhat.java -Daether.dependencyCollector.impl=bf 
java_command: c:\Users\nicol\.vscode-oss\extensions\redhat.java-1.21.0-win32-x64\server\plugins\org.eclipse.equinox.launcher_1.6.500.v20230717-2134.jar -configuration c:\Users\nicol\AppData\Roaming\VSCodium\User\globalStorage\redhat.java\1.21.0\config_win -data c:\Users\nicol\AppData\Roaming\VSCodium\User\workspaceStorage\c5f7e5e40e98474a4542d66f255a5a0e\redhat.java\jdt_ws
java_class_path (initial): c:\Users\nicol\.vscode-oss\extensions\redhat.java-1.21.0-win32-x64\server\plugins\org.eclipse.equinox.launcher_1.6.500.v20230717-2134.jar
Launcher Type: SUN_STANDARD

[Global flags]
    uintx AdaptiveSizePolicyWeight                 = 90                                        {product} {command line}
     intx CICompilerCount                          = 12                                        {product} {ergonomic}
    uintx GCTimeRatio                              = 4                                         {product} {command line}
     bool HeapDumpOnOutOfMemoryError               = true                                   {manageable} {command line}
    ccstr HeapDumpPath                             = c:\Users\nicol\AppData\Roaming\VSCodium\User\workspaceStorage\c5f7e5e40e98474a4542d66f255a5a0e\redhat.java         {manageable} {command line}
   size_t InitialHeapSize                          = 104857600                                 {product} {command line}
   size_t MaxHeapSize                              = 1073741824                                {product} {command line}
   size_t MaxNewSize                               = 357564416                                 {product} {ergonomic}
   size_t MinHeapDeltaBytes                        = 524288                                    {product} {ergonomic}
   size_t MinHeapSize                              = 104857600                                 {product} {command line}
   size_t NewSize                                  = 34603008                                  {product} {ergonomic}
    uintx NonNMethodCodeHeapSize                   = 7602480                                {pd product} {ergonomic}
    uintx NonProfiledCodeHeapSize                  = 122027880                              {pd product} {ergonomic}
   size_t OldSize                                  = 70254592                                  {product} {ergonomic}
    uintx ProfiledCodeHeapSize                     = 122027880                              {pd product} {ergonomic}
    uintx ReservedCodeCacheSize                    = 251658240                              {pd product} {ergonomic}
     bool SegmentedCodeCache                       = true                                      {product} {ergonomic}
   size_t SoftMaxHeapSize                          = 1073741824                             {manageable} {ergonomic}
     bool UseCompressedClassPointers               = true                           {product lp64_product} {ergonomic}
     bool UseCompressedOops                        = true                           {product lp64_product} {ergonomic}
     bool UseLargePagesIndividualAllocation        = false                                  {pd product} {ergonomic}
     bool UseParallelGC                            = true                                      {product} {command line}

Logging:
Log output configuration:
 #0: stdout all=off uptime,level,tags
 #1: stderr all=off uptime,level,tags

Environment Variables:
CLASSPATH=.;
PATH=C:\Program Files\Java\jdk-20\bin;C:\tools\neovim\nvim-win64\bin;C:\Program Files\Common Files\Oracle\Java\javapath;C:\dev\Git\bin;C:\ProgramData\chocolatey\bin;C:\Program Files (x86)\Common Files\Oracle\Java\javapath;C:\Program Files\Eclipse Adoptium\jre-8.0.372.7-hotspot\bin;C:\dev\ImageMagick-7.1.1-Q16-HDRI;C:\WINDOWS\system32;C:\WINDOWS;C:\WINDOWS\System32\Wbem;C:\WINDOWS\System32\WindowsPowerShell\v1.0\;C:\WINDOWS\System32\OpenSSH\;C:\Program Files\dotnet\;C:\Program Files\Git\cmd;C:\dev\flutter\bin;C:\dev\Git LFS;C:\dev\bin;C:\Program Files\CMake\bin;C:\Program Files\LLVM\bin;C:\Program Files\Java\jdk1.8.0_211\bin;C:\Program Files\nodejs\;C:\dev\Git\cmd;C:\Program Files\GitHub CLI\;C:\Users\nicol\.cargo\bin;C:\Users\nicol\AppData\Local\Programs\Python\Python311\Scripts\;C:\Users\nicol\AppData\Local\Programs\Python\Python311\;C:\Users\nicol\AppData\Local\Microsoft\WindowsApps;C:\Users\nicol\AppData\Local\Programs\Microsoft VS Code\bin;C:\MinGW\bin;C:\ghcup\bin;C:\Users\nicol\AppData\Local\Programs\MiKTeX\miktex\bin\x64\;C:\tools\neovim\nvim-win64\bin;C:\Users\nicol\AppData\Roaming\npm;C:\Users\nicol\AppData\Local\Programs\VSCodium\bin;C:\Users\nicol\scoop\shims
USERNAME=nicol
OS=Windows_NT
PROCESSOR_IDENTIFIER=AMD64 Family 25 Model 80 Stepping 0, AuthenticAMD
TMP=C:\Users\nicol\AppData\Local\Temp
TEMP=C:\Users\nicol\AppData\Local\Temp



---------------  S Y S T E M  ---------------

OS:
 Windows 11 , 64 bit Build 22621 (10.0.22621.2215)
OS uptime: 6 days 8:12 hours
Hyper-V role detected

CPU: total 16 (initial active 16) (16 cores per cpu, 2 threads per core) family 25 model 80 stepping 0 microcode 0x0, cx8, cmov, fxsr, ht, mmx, 3dnowpref, sse, sse2, sse3, ssse3, sse4a, sse4.1, sse4.2, popcnt, lzcnt, tsc, tscinvbit, avx, avx2, aes, erms, clmul, bmi1, bmi2, adx, sha, fma, vzeroupper, clflush, clflushopt, hv

Memory: 4k page, system-wide physical 15720M (3684M free)
TotalPageFile size 18581M (AvailPageFile size 294M)
current process WorkingSet (physical memory assigned to process): 130M, peak: 130M
current process commit charge ("private bytes"): 253M, peak: 253M

vm_info: OpenJDK 64-Bit Server VM (17.0.7+7) for windows-amd64 JRE (17.0.7+7), built on Apr 18 2023 22:10:42 by "temurin" with MS VC++ 16.7 (VS2019)

END.
