#
# There is insufficient memory for the Java Runtime Environment to continue.
# Native memory allocation (mmap) failed to map 257949696 bytes for G1 virtual space
# Possible reasons:
#   The system is out of physical RAM or swap space
#   The process is running with CompressedOops enabled, and the Java Heap may be blocking the growth of the native heap
# Possible solutions:
#   Reduce memory load on the system
#   Increase physical memory or swap space
#   Check if swap backing store is full
#   Decrease Java heap size (-Xmx/-Xms)
#   Decrease number of Java threads
#   Decrease Java thread stack sizes (-Xss)
#   Set larger code cache with -XX:ReservedCodeCacheSize=
#   JVM is running with Zero Based Compressed Oops mode in which the Java heap is
#     placed in the first 32GB address space. The Java Heap base address is the
#     maximum limit for the native heap growth. Please use -XX:HeapBaseMinAddress
#     to set the Java Heap base and to place the Java Heap above 32GB virtual address.
# This output file may be truncated or incomplete.
#
#  Out of Memory Error (os_windows.cpp:3528), pid=20364, tid=9020
#
# JRE version:  (20.0.2+9) (build )
# Java VM: Java HotSpot(TM) 64-Bit Server VM (20.0.2+9-78, mixed mode, sharing, tiered, compressed oops, compressed class ptrs, g1 gc, windows-amd64)
# No core dump will be written. Minidumps are not enabled by default on client versions of Windows
#

---------------  S U M M A R Y ------------

Command Line: Example

Host: AMD Ryzen 7 5825U with Radeon Graphics         , 16 cores, 15G,  Windows 11 , 64 bit Build 22621 (10.0.22621.2215)
Time: Mon Sep  4 23:30:31 2023 Eastern Daylight Time elapsed time: 0.017718 seconds (0d 0h 0m 0s)

---------------  T H R E A D  ---------------

Current thread (0x00000197e016cf50):  JavaThread "Unknown thread" [_thread_in_vm, id=9020, stack(0x000000733f000000,0x000000733f100000)]

Stack: [0x000000733f000000,0x000000733f100000]
Native frames: (J=compiled Java code, j=interpreted, Vv=VM code, C=native code)
V  [jvm.dll+0x6bc25a]
V  [jvm.dll+0x84971a]
V  [jvm.dll+0x84b315]
V  [jvm.dll+0x84ba13]
V  [jvm.dll+0x280e4f]
V  [jvm.dll+0x6b8fe9]
V  [jvm.dll+0x6adbca]
V  [jvm.dll+0x35b165]
V  [jvm.dll+0x363386]
V  [jvm.dll+0x3b400e]
V  [jvm.dll+0x3b4295]
V  [jvm.dll+0x32b86a]
V  [jvm.dll+0x32c68b]
V  [jvm.dll+0x8123df]
V  [jvm.dll+0x3c1261]
V  [jvm.dll+0x7fe103]
V  [jvm.dll+0x44ccaf]
V  [jvm.dll+0x44e621]
C  [jli.dll+0x5287]
C  [ucrtbase.dll+0x29363]
C  [KERNEL32.DLL+0x1257d]
C  [ntdll.dll+0x5aa68]


---------------  P R O C E S S  ---------------

Threads class SMR info:
_java_thread_list=0x00007ffb8b4eb118, length=0, elements={
}

Java Threads: ( => current thread )

Other Threads:
  0x00000197e23c86f0 WorkerThread "GC Thread#0" [stack: 0x000000733f100000,0x000000733f200000] [id=23240]
  0x00000197e23da580 ConcurrentGCThread "G1 Main Marker" [stack: 0x000000733f200000,0x000000733f300000] [id=2972]
  0x00000197e23dafb0 WorkerThread "G1 Conc#0" [stack: 0x000000733f300000,0x000000733f400000] [id=28640]

[error occurred during error reporting (printing all threads), id 0xc0000005, EXCEPTION_ACCESS_VIOLATION (0xc0000005) at pc=0x00007ffb8acceea7]
VM state: not at safepoint (not fully initialized)

VM Mutex/Monitor currently owned by a thread:  ([mutex/lock_event])
[0x00000197e016bde0] Heap_lock - owner thread: 0x00000197e016cf50

Heap address: 0x000000070a400000, size: 3932 MB, Compressed Oops mode: Zero based, Oop shift amount: 3

CDS archive(s) mapped at: [0x0000000000000000-0x0000000000000000-0x0000000000000000), size 0, SharedBaseAddress: 0x0000000800000000, ArchiveRelocationMode: 1.
Narrow klass base: 0x0000000000000000, Narrow klass shift: 0, Narrow klass range: 0x0

GC Precious Log:
 CardTable entry size: 512
 Card Set container configuration: InlinePtr #cards 4 size 8 Array Of Cards #cards 16 size 48 Howl #buckets 8 coarsen threshold 3686 Howl Bitmap #cards 512 size 80 coarsen threshold 460 Card regions per heap region 1 cards per card region 4096

Heap:
 garbage-first heap   total 0K, used 0K [0x000000070a400000, 0x0000000800000000)
  region size 2048K, 0 young (0K), 0 survivors (0K)

[error occurred during error reporting (printing heap information), id 0xc0000005, EXCEPTION_ACCESS_VIOLATION (0xc0000005) at pc=0x00007ffb8b0a47b9]
GC Heap History (0 events):
No events

Dll operation events (1 events):
Event: 0.008 Loaded shared library C:\Program Files\Java\jdk-20\bin\java.dll

Deoptimization events (0 events):
No events

Classes loaded (0 events):
No events

Classes unloaded (0 events):
No events

Classes redefined (0 events):
No events

Internal exceptions (0 events):
No events

VM Operations (0 events):
No events

Events (0 events):
No events


Dynamic libraries:
0x00007ff6d56f0000 - 0x00007ff6d5700000 	C:\Program Files\Java\jdk-20\bin\java.exe
0x00007ffc07fd0000 - 0x00007ffc081e4000 	C:\WINDOWS\SYSTEM32\ntdll.dll
0x00007ffc07980000 - 0x00007ffc07a44000 	C:\WINDOWS\System32\KERNEL32.DLL
0x00007ffc059b0000 - 0x00007ffc05d54000 	C:\WINDOWS\System32\KERNELBASE.dll
0x00007ffc05560000 - 0x00007ffc05671000 	C:\WINDOWS\System32\ucrtbase.dll
0x00007ffbffdf0000 - 0x00007ffbffe09000 	C:\Program Files\Java\jdk-20\bin\jli.dll
0x00007ffbd67c0000 - 0x00007ffbd67db000 	C:\Program Files\Java\jdk-20\bin\VCRUNTIME140.dll
0x00007ffc05d60000 - 0x00007ffc05e10000 	C:\WINDOWS\System32\ADVAPI32.dll
0x00007ffc06060000 - 0x00007ffc06107000 	C:\WINDOWS\System32\msvcrt.dll
0x00007ffc062f0000 - 0x00007ffc06396000 	C:\WINDOWS\System32\sechost.dll
0x00007ffc07d60000 - 0x00007ffc07e77000 	C:\WINDOWS\System32\RPCRT4.dll
0x00007ffc077d0000 - 0x00007ffc0797e000 	C:\WINDOWS\System32\USER32.dll
0x00007ffbf46b0000 - 0x00007ffbf4943000 	C:\WINDOWS\WinSxS\amd64_microsoft.windows.common-controls_6595b64144ccf1df_6.0.22621.2215_none_270d72677387dfc3\COMCTL32.dll
0x00007ffc05860000 - 0x00007ffc05886000 	C:\WINDOWS\System32\win32u.dll
0x00007ffc05e90000 - 0x00007ffc05eb9000 	C:\WINDOWS\System32\GDI32.dll
0x00007ffc05890000 - 0x00007ffc059a8000 	C:\WINDOWS\System32\gdi32full.dll
0x00007ffc05700000 - 0x00007ffc0579a000 	C:\WINDOWS\System32\msvcp_win.dll
0x00007ffbfe460000 - 0x00007ffbfe46a000 	C:\WINDOWS\SYSTEM32\VERSION.dll
0x00007ffc05e10000 - 0x00007ffc05e41000 	C:\WINDOWS\System32\IMM32.DLL
0x00007ffbf1680000 - 0x00007ffbf168c000 	C:\Program Files\Java\jdk-20\bin\vcruntime140_1.dll
0x00007ffb92c50000 - 0x00007ffb92cde000 	C:\Program Files\Java\jdk-20\bin\msvcp140.dll
0x00007ffb8a990000 - 0x00007ffb8b628000 	C:\Program Files\Java\jdk-20\bin\server\jvm.dll
0x00007ffbf1800000 - 0x00007ffbf1809000 	C:\WINDOWS\SYSTEM32\WSOCK32.dll
0x00007ffc02df0000 - 0x00007ffc02e24000 	C:\WINDOWS\SYSTEM32\WINMM.dll
0x00007ffc06200000 - 0x00007ffc06271000 	C:\WINDOWS\System32\WS2_32.dll
0x00007ffc04340000 - 0x00007ffc04358000 	C:\WINDOWS\SYSTEM32\kernel.appcore.dll
0x00007ffbf1640000 - 0x00007ffbf164a000 	C:\Program Files\Java\jdk-20\bin\jimage.dll
0x00007ffc02b50000 - 0x00007ffc02d7e000 	C:\WINDOWS\SYSTEM32\DBGHELP.DLL
0x00007ffc06b60000 - 0x00007ffc06eea000 	C:\WINDOWS\System32\combase.dll
0x00007ffc07c80000 - 0x00007ffc07d57000 	C:\WINDOWS\System32\OLEAUT32.dll
0x00007ffc02af0000 - 0x00007ffc02b22000 	C:\WINDOWS\SYSTEM32\dbgcore.DLL
0x00007ffc05680000 - 0x00007ffc056fa000 	C:\WINDOWS\System32\bcryptPrimitives.dll
0x00007ffbd66f0000 - 0x00007ffbd6716000 	C:\Program Files\Java\jdk-20\bin\java.dll

dbghelp: loaded successfully - version: 4.0.5 - missing functions: none
symbol engine: initialized successfully - sym options: 0x614 - pdb path: .;C:\Program Files\Java\jdk-20\bin;C:\WINDOWS\SYSTEM32;C:\WINDOWS\WinSxS\amd64_microsoft.windows.common-controls_6595b64144ccf1df_6.0.22621.2215_none_270d72677387dfc3;C:\Program Files\Java\jdk-20\bin\server

VM Arguments:
java_command: Example
java_class_path (initial): .;
Launcher Type: SUN_STANDARD

[Global flags]
     intx CICompilerCount                          = 12                                        {product} {ergonomic}
     uint ConcGCThreads                            = 3                                         {product} {ergonomic}
     uint G1ConcRefinementThreads                  = 13                                        {product} {ergonomic}
   size_t G1HeapRegionSize                         = 2097152                                   {product} {ergonomic}
    uintx GCDrainStackTargetSize                   = 64                                        {product} {ergonomic}
   size_t InitialHeapSize                          = 257949696                                 {product} {ergonomic}
   size_t MarkStackSize                            = 4194304                                   {product} {ergonomic}
   size_t MaxHeapSize                              = 4123000832                                {product} {ergonomic}
   size_t MinHeapDeltaBytes                        = 2097152                                   {product} {ergonomic}
   size_t MinHeapSize                              = 8388608                                   {product} {ergonomic}
    uintx NonNMethodCodeHeapSize                   = 7602480                                {pd product} {ergonomic}
    uintx NonProfiledCodeHeapSize                  = 122027880                              {pd product} {ergonomic}
    uintx ProfiledCodeHeapSize                     = 122027880                              {pd product} {ergonomic}
    uintx ReservedCodeCacheSize                    = 251658240                              {pd product} {ergonomic}
     bool SegmentedCodeCache                       = true                                      {product} {ergonomic}
   size_t SoftMaxHeapSize                          = 4123000832                             {manageable} {ergonomic}
     bool UseCompressedClassPointers               = true                           {product lp64_product} {ergonomic}
     bool UseCompressedOops                        = true                           {product lp64_product} {ergonomic}
     bool UseG1GC                                  = true                                      {product} {ergonomic}
     bool UseLargePagesIndividualAllocation        = false                                  {pd product} {ergonomic}

Logging:
Log output configuration:
 #0: stdout all=warning uptime,level,tags foldmultilines=false
 #1: stderr all=off uptime,level,tags foldmultilines=false

Environment Variables:
CLASSPATH=.;
PATH=C:\Program Files\Java\jdk-20\bin;C:\tools\neovim\nvim-win64\bin;C:\Program Files\Common Files\Oracle\Java\javapath;C:\dev\Git\bin;C:\ProgramData\chocolatey\bin;C:\Program Files (x86)\Common Files\Oracle\Java\javapath;C:\Program Files\Eclipse Adoptium\jre-8.0.372.7-hotspot\bin;C:\dev\ImageMagick-7.1.1-Q16-HDRI;C:\WINDOWS\system32;C:\WINDOWS;C:\WINDOWS\System32\Wbem;C:\WINDOWS\System32\WindowsPowerShell\v1.0\;C:\WINDOWS\System32\OpenSSH\;C:\Program Files\dotnet\;C:\Program Files\Git\cmd;C:\dev\flutter\bin;C:\dev\Git LFS;C:\dev\bin;C:\Program Files\CMake\bin;C:\Program Files\LLVM\bin;C:\Program Files\Java\jdk1.8.0_211\bin;C:\Program Files\nodejs\;C:\dev\Git\cmd;C:\Program Files\GitHub CLI\;C:\Users\nicol\.cargo\bin;C:\Users\nicol\AppData\Local\Programs\Python\Python311\Scripts\;C:\Users\nicol\AppData\Local\Programs\Python\Python311\;C:\Users\nicol\AppData\Local\Microsoft\WindowsApps;C:\Users\nicol\AppData\Local\Programs\Microsoft VS Code\bin;C:\MinGW\bin;C:\ghcup\bin;C:\Users\nicol\AppData\Local\Programs\MiKTeX\miktex\bin\x64\;C:\tools\neovim\nvim-win64\bin;C:\Users\nicol\AppData\Roaming\npm;C:\Users\nicol\AppData\Local\Programs\VSCodium\bin;
USERNAME=nicol
OS=Windows_NT
PROCESSOR_IDENTIFIER=AMD64 Family 25 Model 80 Stepping 0, AuthenticAMD
TMP=C:\Users\nicol\AppData\Local\Temp
TEMP=C:\Users\nicol\AppData\Local\Temp




---------------  S Y S T E M  ---------------

OS:
 Windows 11 , 64 bit Build 22621 (10.0.22621.2215)
OS uptime: 3 days 23:13 hours
Hyper-V role detected

CPU: total 16 (initial active 16) (16 cores per cpu, 2 threads per core) family 25 model 80 stepping 0 microcode 0x0, cx8, cmov, fxsr, ht, mmx, 3dnowpref, sse, sse2, sse3, ssse3, sse4a, sse4.1, sse4.2, popcnt, lzcnt, tsc, tscinvbit, avx, avx2, aes, erms, clmul, bmi1, bmi2, adx, sha, fma, vzeroupper, clflush, clflushopt, hv, rdtscp, rdpid, fsrm, f16c, cet_ss

Memory: 4k page, system-wide physical 15720M (2890M free)
TotalPageFile size 18581M (AvailPageFile size 189M)
current process WorkingSet (physical memory assigned to process): 11M, peak: 11M
current process commit charge ("private bytes"): 70M, peak: 316M

vm_info: Java HotSpot(TM) 64-Bit Server VM (20.0.2+9-78) for windows-amd64 JRE (20.0.2+9-78), built on 2023-06-14T10:08:48Z by "mach5one" with MS VC++ 17.1 (VS2022)

END.
